[2026-03-23T04:03:02.910+0000] {local_task_job_runner.py:120} INFO - ::group::Pre task execution logs
[2026-03-23T04:03:02.956+0000] {taskinstance.py:2073} INFO - Dependencies all met for dep_context=non-requeueable deps ti=<TaskInstance: dbt_banking_dwh_job.run_dbt_models scheduled__2026-03-22T02:00:00+00:00 [queued]>
[2026-03-23T04:03:02.975+0000] {taskinstance.py:2073} INFO - Dependencies all met for dep_context=requeueable deps ti=<TaskInstance: dbt_banking_dwh_job.run_dbt_models scheduled__2026-03-22T02:00:00+00:00 [queued]>
[2026-03-23T04:03:02.976+0000] {taskinstance.py:2303} INFO - Starting attempt 1 of 2
[2026-03-23T04:03:02.996+0000] {taskinstance.py:2327} INFO - Executing <Task(BashOperator): run_dbt_models> on 2026-03-22 02:00:00+00:00
[2026-03-23T04:03:03.017+0000] {logging_mixin.py:188} WARNING - /home/***/.local/lib/python3.12/site-packages/***/task/task_runner/standard_task_runner.py:61 DeprecationWarning: This process (pid=496) is multi-threaded, use of fork() may lead to deadlocks in the child.
[2026-03-23T04:03:03.013+0000] {standard_task_runner.py:90} INFO - Running: ['***', 'tasks', 'run', 'dbt_banking_dwh_job', 'run_dbt_models', 'scheduled__2026-03-22T02:00:00+00:00', '--job-id', '44', '--raw', '--subdir', 'DAGS_FOLDER/dbt_banking_job.py', '--cfg-path', '/tmp/tmp7od_wo0r']
[2026-03-23T04:03:03.018+0000] {standard_task_runner.py:63} INFO - Started process 501 to run task
[2026-03-23T04:03:03.018+0000] {standard_task_runner.py:91} INFO - Job 44: Subtask run_dbt_models
[2026-03-23T04:03:03.118+0000] {task_command.py:426} INFO - Running <TaskInstance: dbt_banking_dwh_job.run_dbt_models scheduled__2026-03-22T02:00:00+00:00 [running]> on host 51c6d1f0e973
[2026-03-23T04:03:03.274+0000] {taskinstance.py:2644} INFO - Exporting env vars: AIRFLOW_CTX_DAG_OWNER='minh_anh' AIRFLOW_CTX_DAG_ID='dbt_banking_dwh_job' AIRFLOW_CTX_TASK_ID='run_dbt_models' AIRFLOW_CTX_EXECUTION_DATE='2026-03-22T02:00:00+00:00' AIRFLOW_CTX_TRY_NUMBER='1' AIRFLOW_CTX_DAG_RUN_ID='scheduled__2026-03-22T02:00:00+00:00'
[2026-03-23T04:03:03.278+0000] {taskinstance.py:430} INFO - ::endgroup::
[2026-03-23T04:03:03.280+0000] {subprocess.py:63} INFO - Tmp dir root location: /tmp
[2026-03-23T04:03:03.283+0000] {subprocess.py:75} INFO - Running command: ['/usr/bin/bash', '-c', 'cd /opt/***/dags/banking_dwh && pwd && ls -la && cat profiles.yml && dbt run --profiles-dir .']
[2026-03-23T04:03:03.306+0000] {subprocess.py:86} INFO - Output:
[2026-03-23T04:03:03.310+0000] {subprocess.py:93} INFO - /opt/***/dags/banking_dwh
[2026-03-23T04:03:03.351+0000] {subprocess.py:93} INFO - total 4
[2026-03-23T04:03:03.352+0000] {subprocess.py:93} INFO - drwxrwxrwx 1 *** root 4096 Mar 19 08:48 .
[2026-03-23T04:03:03.353+0000] {subprocess.py:93} INFO - drwxrwxrwx 1 *** root 4096 Mar 19 08:47 ..
[2026-03-23T04:03:03.354+0000] {subprocess.py:93} INFO - -rwxrwxrwx 1 *** root   52 Mar 12 03:21 .gitignore
[2026-03-23T04:03:03.354+0000] {subprocess.py:93} INFO - -rw-rw-r-- 1 *** root   41 Mar 19 08:48 .user.yml
[2026-03-23T04:03:03.355+0000] {subprocess.py:93} INFO - -rwxrwxrwx 1 *** root  571 Mar  2 09:00 README.md
[2026-03-23T04:03:03.356+0000] {subprocess.py:93} INFO - drwxrwxrwx 1 *** root 4096 Mar 19 07:33 analyses
[2026-03-23T04:03:03.356+0000] {subprocess.py:93} INFO - drwxrwxrwx 1 *** root 4096 Mar 19 03:32 dbt_packages
[2026-03-23T04:03:03.357+0000] {subprocess.py:93} INFO - -rwxrwxrwx 1 *** root 1374 Mar 19 03:33 dbt_project.yml
[2026-03-23T04:03:03.357+0000] {subprocess.py:93} INFO - drwxrwxrwx 1 *** root 4096 Mar 19 07:33 logs
[2026-03-23T04:03:03.358+0000] {subprocess.py:93} INFO - drwxrwxrwx 1 *** root 4096 Mar 19 07:33 macros
[2026-03-23T04:03:03.359+0000] {subprocess.py:93} INFO - drwxrwxrwx 1 *** root 4096 Mar 19 07:33 models
[2026-03-23T04:03:03.360+0000] {subprocess.py:93} INFO - -rwxrwxrwx 1 *** root  295 Mar 19 09:49 profiles.yml
[2026-03-23T04:03:03.360+0000] {subprocess.py:93} INFO - drwxrwxrwx 1 *** root 4096 Mar 19 07:33 seeds
[2026-03-23T04:03:03.361+0000] {subprocess.py:93} INFO - drwxrwxrwx 1 *** root 4096 Mar 19 07:33 snapshots
[2026-03-23T04:03:03.361+0000] {subprocess.py:93} INFO - drwxrwxrwx 1 *** root 4096 Mar 19 07:33 target
[2026-03-23T04:03:03.362+0000] {subprocess.py:93} INFO - drwxrwxrwx 1 *** root 4096 Mar 19 07:33 tests
[2026-03-23T04:03:03.363+0000] {subprocess.py:93} INFO - banking_dwh:
[2026-03-23T04:03:03.364+0000] {subprocess.py:93} INFO -   target: dev
[2026-03-23T04:03:03.364+0000] {subprocess.py:93} INFO -   outputs:
[2026-03-23T04:03:03.365+0000] {subprocess.py:93} INFO -     dev:
[2026-03-23T04:03:03.365+0000] {subprocess.py:93} INFO -       type: postgres
[2026-03-23T04:03:03.366+0000] {subprocess.py:93} INFO -       host: host.docker.internal
[2026-03-23T04:03:03.367+0000] {subprocess.py:93} INFO -       port: 5433
[2026-03-23T04:03:03.368+0000] {subprocess.py:93} INFO -       user: postgres
[2026-03-23T04:03:03.368+0000] {subprocess.py:93} INFO -       password: "123456"
[2026-03-23T04:03:03.369+0000] {subprocess.py:93} INFO -       dbname: postgres
[2026-03-23T04:03:03.370+0000] {subprocess.py:93} INFO -       schema: sor # Tôi cấu hình sẵn schema là sor dựa trên file code của bạn
[2026-03-23T04:03:08.087+0000] {subprocess.py:93} INFO -       threads: 4[0m04:03:08  Running with dbt=1.11.7
[2026-03-23T04:03:08.659+0000] {subprocess.py:93} INFO - [0m04:03:08  Registered adapter: postgres=1.10.0
[2026-03-23T04:03:09.559+0000] {subprocess.py:93} INFO - [0m04:03:09  [[33mWARNING[0m]: Configuration paths exist in your dbt_project.yml file which do not apply to any resources.
[2026-03-23T04:03:09.560+0000] {subprocess.py:93} INFO - There are 1 unused configuration paths:
[2026-03-23T04:03:09.561+0000] {subprocess.py:93} INFO - - models.banking_dwh.example
[2026-03-23T04:03:10.110+0000] {subprocess.py:93} INFO - [0m04:03:10  Found 6 models, 73 data tests, 7 sources, 478 macros
[2026-03-23T04:03:10.119+0000] {subprocess.py:93} INFO - [0m04:03:10
[2026-03-23T04:03:10.121+0000] {subprocess.py:93} INFO - [0m04:03:10  Concurrency: 4 threads (target='dev')
[2026-03-23T04:03:10.122+0000] {subprocess.py:93} INFO - [0m04:03:10
[2026-03-23T04:03:10.659+0000] {subprocess.py:93} INFO - [0m04:03:10  1 of 6 START sql table model sor.sor_branch .................................... [RUN]
[2026-03-23T04:03:10.661+0000] {subprocess.py:93} INFO - [0m04:03:10  2 of 6 START sql table model sor.sor_customer .................................. [RUN]
[2026-03-23T04:03:11.244+0000] {subprocess.py:93} INFO - [0m04:03:11  1 of 6 OK created sql table model sor.sor_branch ............................... [[32mSELECT 3[0m in 0.57s]
[2026-03-23T04:03:11.248+0000] {subprocess.py:93} INFO - [0m04:03:11  2 of 6 OK created sql table model sor.sor_customer ............................. [[32mSELECT 5[0m in 0.58s]
[2026-03-23T04:03:11.262+0000] {subprocess.py:93} INFO - [0m04:03:11  3 of 6 START sql table model sor.sor_account ................................... [RUN]
[2026-03-23T04:03:11.499+0000] {subprocess.py:93} INFO - [0m04:03:11  3 of 6 OK created sql table model sor.sor_account .............................. [[32mSELECT 7[0m in 0.23s]
[2026-03-23T04:03:11.508+0000] {subprocess.py:93} INFO - [0m04:03:11  4 of 6 START sql table model sor.sor_daily_balance ............................. [RUN]
[2026-03-23T04:03:11.520+0000] {subprocess.py:93} INFO - [0m04:03:11  5 of 6 START sql table model sor.sor_transaction ............................... [RUN]
[2026-03-23T04:03:11.924+0000] {subprocess.py:93} INFO - [0m04:03:11  5 of 6 OK created sql table model sor.sor_transaction .......................... [[32mSELECT 10[0m in 0.39s]
[2026-03-23T04:03:11.927+0000] {subprocess.py:93} INFO - [0m04:03:11  4 of 6 OK created sql table model sor.sor_daily_balance ........................ [[32mSELECT 7[0m in 0.40s]
[2026-03-23T04:03:11.938+0000] {subprocess.py:93} INFO - [0m04:03:11  6 of 6 START sql table model sor.sor_cust_acct_sum ............................. [RUN]
[2026-03-23T04:03:12.154+0000] {subprocess.py:93} INFO - [0m04:03:12  6 of 6 OK created sql table model sor.sor_cust_acct_sum ........................ [[32mSELECT 5[0m in 0.21s]
[2026-03-23T04:03:12.247+0000] {subprocess.py:93} INFO - [0m04:03:12
[2026-03-23T04:03:12.249+0000] {subprocess.py:93} INFO - [0m04:03:12  Finished running 6 table models in 0 hours 0 minutes and 2.12 seconds (2.12s).
[2026-03-23T04:03:12.422+0000] {subprocess.py:93} INFO - [0m04:03:12
[2026-03-23T04:03:12.425+0000] {subprocess.py:93} INFO - [0m04:03:12  [32mCompleted successfully[0m
[2026-03-23T04:03:12.427+0000] {subprocess.py:93} INFO - [0m04:03:12
[2026-03-23T04:03:12.429+0000] {subprocess.py:93} INFO - [0m04:03:12  Done. PASS=6 WARN=0 ERROR=0 SKIP=0 NO-OP=0 TOTAL=6
[2026-03-23T04:03:15.533+0000] {subprocess.py:97} INFO - Command exited with return code 0
[2026-03-23T04:03:15.535+0000] {taskinstance.py:441} INFO - ::group::Post task execution logs
[2026-03-23T04:03:15.589+0000] {taskinstance.py:1205} INFO - Marking task as SUCCESS. dag_id=dbt_banking_dwh_job, task_id=run_dbt_models, execution_date=20260322T020000, start_date=20260323T040302, end_date=20260323T040315
[2026-03-23T04:03:15.668+0000] {local_task_job_runner.py:240} INFO - Task exited with return code 0
[2026-03-23T04:03:15.701+0000] {taskinstance.py:3482} INFO - 0 downstream tasks scheduled from follow-on schedule check
[2026-03-23T04:03:15.705+0000] {local_task_job_runner.py:222} INFO - ::endgroup::
