[2026-03-23T04:08:08.027+0000] {local_task_job_runner.py:120} INFO - ::group::Pre task execution logs
[2026-03-23T04:08:08.072+0000] {taskinstance.py:2073} INFO - Dependencies all met for dep_context=non-requeueable deps ti=<TaskInstance: dbt_banking_dwh_job.run_dbt_models scheduled__2026-03-19T02:00:00+00:00 [queued]>
[2026-03-23T04:08:08.086+0000] {taskinstance.py:2073} INFO - Dependencies all met for dep_context=requeueable deps ti=<TaskInstance: dbt_banking_dwh_job.run_dbt_models scheduled__2026-03-19T02:00:00+00:00 [queued]>
[2026-03-23T04:08:08.087+0000] {taskinstance.py:2303} INFO - Starting attempt 2 of 2
[2026-03-23T04:08:08.113+0000] {taskinstance.py:2327} INFO - Executing <Task(BashOperator): run_dbt_models> on 2026-03-19 02:00:00+00:00
[2026-03-23T04:08:08.131+0000] {standard_task_runner.py:90} INFO - Running: ['***', 'tasks', 'run', 'dbt_banking_dwh_job', 'run_dbt_models', 'scheduled__2026-03-19T02:00:00+00:00', '--job-id', '45', '--raw', '--subdir', 'DAGS_FOLDER/dbt_banking_job.py', '--cfg-path', '/tmp/tmpgrdk08mz']
[2026-03-23T04:08:08.135+0000] {logging_mixin.py:188} WARNING - /home/***/.local/lib/python3.12/site-packages/***/task/task_runner/standard_task_runner.py:61 DeprecationWarning: This process (pid=3137) is multi-threaded, use of fork() may lead to deadlocks in the child.
[2026-03-23T04:08:08.136+0000] {standard_task_runner.py:91} INFO - Job 45: Subtask run_dbt_models
[2026-03-23T04:08:08.136+0000] {standard_task_runner.py:63} INFO - Started process 3196 to run task
[2026-03-23T04:08:08.279+0000] {task_command.py:426} INFO - Running <TaskInstance: dbt_banking_dwh_job.run_dbt_models scheduled__2026-03-19T02:00:00+00:00 [running]> on host 51c6d1f0e973
[2026-03-23T04:08:08.406+0000] {taskinstance.py:2644} INFO - Exporting env vars: AIRFLOW_CTX_DAG_OWNER='minh_anh' AIRFLOW_CTX_DAG_ID='dbt_banking_dwh_job' AIRFLOW_CTX_TASK_ID='run_dbt_models' AIRFLOW_CTX_EXECUTION_DATE='2026-03-19T02:00:00+00:00' AIRFLOW_CTX_TRY_NUMBER='2' AIRFLOW_CTX_DAG_RUN_ID='scheduled__2026-03-19T02:00:00+00:00'
[2026-03-23T04:08:08.409+0000] {taskinstance.py:430} INFO - ::endgroup::
[2026-03-23T04:08:08.411+0000] {subprocess.py:63} INFO - Tmp dir root location: /tmp
[2026-03-23T04:08:08.413+0000] {subprocess.py:75} INFO - Running command: ['/usr/bin/bash', '-c', 'cd /opt/***/dags/banking_dwh && pwd && ls -la && cat profiles.yml && dbt run --profiles-dir .']
[2026-03-23T04:08:08.437+0000] {subprocess.py:86} INFO - Output:
[2026-03-23T04:08:08.442+0000] {subprocess.py:93} INFO - /opt/***/dags/banking_dwh
[2026-03-23T04:08:08.487+0000] {subprocess.py:93} INFO - total 4
[2026-03-23T04:08:08.488+0000] {subprocess.py:93} INFO - drwxrwxrwx 1 *** root 4096 Mar 19 08:48 .
[2026-03-23T04:08:08.489+0000] {subprocess.py:93} INFO - drwxrwxrwx 1 *** root 4096 Mar 19 08:47 ..
[2026-03-23T04:08:08.490+0000] {subprocess.py:93} INFO - -rwxrwxrwx 1 *** root   52 Mar 12 03:21 .gitignore
[2026-03-23T04:08:08.491+0000] {subprocess.py:93} INFO - -rw-rw-r-- 1 *** root   41 Mar 19 08:48 .user.yml
[2026-03-23T04:08:08.492+0000] {subprocess.py:93} INFO - -rwxrwxrwx 1 *** root  571 Mar  2 09:00 README.md
[2026-03-23T04:08:08.493+0000] {subprocess.py:93} INFO - drwxrwxrwx 1 *** root 4096 Mar 19 07:33 analyses
[2026-03-23T04:08:08.494+0000] {subprocess.py:93} INFO - drwxrwxrwx 1 *** root 4096 Mar 19 03:32 dbt_packages
[2026-03-23T04:08:08.495+0000] {subprocess.py:93} INFO - -rwxrwxrwx 1 *** root 1374 Mar 19 03:33 dbt_project.yml
[2026-03-23T04:08:08.495+0000] {subprocess.py:93} INFO - drwxrwxrwx 1 *** root 4096 Mar 19 07:33 logs
[2026-03-23T04:08:08.496+0000] {subprocess.py:93} INFO - drwxrwxrwx 1 *** root 4096 Mar 19 07:33 macros
[2026-03-23T04:08:08.497+0000] {subprocess.py:93} INFO - drwxrwxrwx 1 *** root 4096 Mar 19 07:33 models
[2026-03-23T04:08:08.498+0000] {subprocess.py:93} INFO - -rwxrwxrwx 1 *** root  295 Mar 19 09:49 profiles.yml
[2026-03-23T04:08:08.499+0000] {subprocess.py:93} INFO - drwxrwxrwx 1 *** root 4096 Mar 19 07:33 seeds
[2026-03-23T04:08:08.500+0000] {subprocess.py:93} INFO - drwxrwxrwx 1 *** root 4096 Mar 19 07:33 snapshots
[2026-03-23T04:08:08.501+0000] {subprocess.py:93} INFO - drwxrwxrwx 1 *** root 4096 Mar 19 07:33 target
[2026-03-23T04:08:08.502+0000] {subprocess.py:93} INFO - drwxrwxrwx 1 *** root 4096 Mar 19 07:33 tests
[2026-03-23T04:08:08.503+0000] {subprocess.py:93} INFO - banking_dwh:
[2026-03-23T04:08:08.503+0000] {subprocess.py:93} INFO -   target: dev
[2026-03-23T04:08:08.504+0000] {subprocess.py:93} INFO -   outputs:
[2026-03-23T04:08:08.505+0000] {subprocess.py:93} INFO -     dev:
[2026-03-23T04:08:08.505+0000] {subprocess.py:93} INFO -       type: postgres
[2026-03-23T04:08:08.506+0000] {subprocess.py:93} INFO -       host: host.docker.internal
[2026-03-23T04:08:08.507+0000] {subprocess.py:93} INFO -       port: 5433
[2026-03-23T04:08:08.508+0000] {subprocess.py:93} INFO -       user: postgres
[2026-03-23T04:08:08.508+0000] {subprocess.py:93} INFO -       password: "123456"
[2026-03-23T04:08:08.509+0000] {subprocess.py:93} INFO -       dbname: postgres
[2026-03-23T04:08:08.510+0000] {subprocess.py:93} INFO -       schema: sor # Tôi cấu hình sẵn schema là sor dựa trên file code của bạn
[2026-03-23T04:08:12.683+0000] {subprocess.py:93} INFO -       threads: 4[0m04:08:12  Running with dbt=1.11.7
[2026-03-23T04:08:13.278+0000] {subprocess.py:93} INFO - [0m04:08:13  Registered adapter: postgres=1.10.0
[2026-03-23T04:08:14.169+0000] {subprocess.py:93} INFO - [0m04:08:14  [[33mWARNING[0m]: Configuration paths exist in your dbt_project.yml file which do not apply to any resources.
[2026-03-23T04:08:14.170+0000] {subprocess.py:93} INFO - There are 1 unused configuration paths:
[2026-03-23T04:08:14.170+0000] {subprocess.py:93} INFO - - models.banking_dwh.example
[2026-03-23T04:08:05.759+0000] {subprocess.py:93} INFO - [0m04:08:05  Found 6 models, 73 data tests, 7 sources, 478 macros
[2026-03-23T04:08:05.770+0000] {subprocess.py:93} INFO - [0m04:08:05
[2026-03-23T04:08:05.772+0000] {subprocess.py:93} INFO - [0m04:08:05  Concurrency: 4 threads (target='dev')
[2026-03-23T04:08:05.775+0000] {subprocess.py:93} INFO - [0m04:08:05
[2026-03-23T04:08:16.400+0000] {subprocess.py:93} INFO - [0m04:08:16  1 of 6 START sql table model sor.sor_branch .................................... [RUN]
[2026-03-23T04:08:16.402+0000] {subprocess.py:93} INFO - [0m04:08:16  2 of 6 START sql table model sor.sor_customer .................................. [RUN]
[2026-03-23T04:08:16.870+0000] {subprocess.py:93} INFO - [0m04:08:16  1 of 6 OK created sql table model sor.sor_branch ............................... [[32mSELECT 3[0m in 0.46s]
[2026-03-23T04:08:16.874+0000] {subprocess.py:93} INFO - [0m04:08:16  2 of 6 OK created sql table model sor.sor_customer ............................. [[32mSELECT 5[0m in 0.46s]
[2026-03-23T04:08:16.883+0000] {subprocess.py:93} INFO - [0m04:08:16  3 of 6 START sql table model sor.sor_account ................................... [RUN]
[2026-03-23T04:08:17.087+0000] {subprocess.py:93} INFO - [0m04:08:17  3 of 6 OK created sql table model sor.sor_account .............................. [[32mSELECT 7[0m in 0.20s]
[2026-03-23T04:08:17.094+0000] {subprocess.py:93} INFO - [0m04:08:17  4 of 6 START sql table model sor.sor_daily_balance ............................. [RUN]
[2026-03-23T04:08:17.096+0000] {subprocess.py:93} INFO - [0m04:08:17  5 of 6 START sql table model sor.sor_transaction ............................... [RUN]
[2026-03-23T04:08:17.461+0000] {subprocess.py:93} INFO - [0m04:08:17  4 of 6 OK created sql table model sor.sor_daily_balance ........................ [[32mSELECT 7[0m in 0.36s]
[2026-03-23T04:08:17.464+0000] {subprocess.py:93} INFO - [0m04:08:17  5 of 6 OK created sql table model sor.sor_transaction .......................... [[32mSELECT 10[0m in 0.36s]
[2026-03-23T04:08:17.476+0000] {subprocess.py:93} INFO - [0m04:08:17  6 of 6 START sql table model sor.sor_cust_acct_sum ............................. [RUN]
[2026-03-23T04:08:17.687+0000] {subprocess.py:93} INFO - [0m04:08:17  6 of 6 OK created sql table model sor.sor_cust_acct_sum ........................ [[32mSELECT 5[0m in 0.20s]
[2026-03-23T04:08:17.781+0000] {subprocess.py:93} INFO - [0m04:08:17
[2026-03-23T04:08:17.783+0000] {subprocess.py:93} INFO - [0m04:08:17  Finished running 6 table models in 0 hours 0 minutes and 12.00 seconds (12.00s).
[2026-03-23T04:08:17.963+0000] {subprocess.py:93} INFO - [0m04:08:17
[2026-03-23T04:08:17.966+0000] {subprocess.py:93} INFO - [0m04:08:17  [32mCompleted successfully[0m
[2026-03-23T04:08:17.968+0000] {subprocess.py:93} INFO - [0m04:08:17
[2026-03-23T04:08:17.971+0000] {subprocess.py:93} INFO - [0m04:08:17  Done. PASS=6 WARN=0 ERROR=0 SKIP=0 NO-OP=0 TOTAL=6
[2026-03-23T04:08:25.733+0000] {subprocess.py:97} INFO - Command exited with return code 0
[2026-03-23T04:08:25.735+0000] {taskinstance.py:441} INFO - ::group::Post task execution logs
[2026-03-23T04:08:25.791+0000] {taskinstance.py:1205} INFO - Marking task as SUCCESS. dag_id=dbt_banking_dwh_job, task_id=run_dbt_models, execution_date=20260319T020000, start_date=20260323T040808, end_date=20260323T040825
[2026-03-23T04:08:25.862+0000] {local_task_job_runner.py:240} INFO - Task exited with return code 0
[2026-03-23T04:08:25.891+0000] {taskinstance.py:3482} INFO - 0 downstream tasks scheduled from follow-on schedule check
[2026-03-23T04:08:25.896+0000] {local_task_job_runner.py:222} INFO - ::endgroup::
