[2026-03-23T04:03:02.864+0000] {local_task_job_runner.py:120} INFO - ::group::Pre task execution logs
[2026-03-23T04:03:02.909+0000] {taskinstance.py:2073} INFO - Dependencies all met for dep_context=non-requeueable deps ti=<TaskInstance: dbt_banking_dwh_job.run_dbt_models scheduled__2026-03-19T02:00:00+00:00 [queued]>
[2026-03-23T04:03:02.921+0000] {taskinstance.py:2073} INFO - Dependencies all met for dep_context=requeueable deps ti=<TaskInstance: dbt_banking_dwh_job.run_dbt_models scheduled__2026-03-19T02:00:00+00:00 [queued]>
[2026-03-23T04:03:02.922+0000] {taskinstance.py:2303} INFO - Starting attempt 1 of 2
[2026-03-23T04:03:02.943+0000] {taskinstance.py:2327} INFO - Executing <Task(BashOperator): run_dbt_models> on 2026-03-19 02:00:00+00:00
[2026-03-23T04:03:02.966+0000] {standard_task_runner.py:90} INFO - Running: ['***', 'tasks', 'run', 'dbt_banking_dwh_job', 'run_dbt_models', 'scheduled__2026-03-19T02:00:00+00:00', '--job-id', '43', '--raw', '--subdir', 'DAGS_FOLDER/dbt_banking_job.py', '--cfg-path', '/tmp/tmpc3ju_3c5']
[2026-03-23T04:03:02.970+0000] {logging_mixin.py:188} WARNING - /home/***/.local/lib/python3.12/site-packages/***/task/task_runner/standard_task_runner.py:61 DeprecationWarning: This process (pid=497) is multi-threaded, use of fork() may lead to deadlocks in the child.
[2026-03-23T04:03:02.972+0000] {standard_task_runner.py:91} INFO - Job 43: Subtask run_dbt_models
[2026-03-23T04:03:02.972+0000] {standard_task_runner.py:63} INFO - Started process 500 to run task
[2026-03-23T04:03:03.075+0000] {task_command.py:426} INFO - Running <TaskInstance: dbt_banking_dwh_job.run_dbt_models scheduled__2026-03-19T02:00:00+00:00 [running]> on host 51c6d1f0e973
[2026-03-23T04:03:03.206+0000] {taskinstance.py:2644} INFO - Exporting env vars: AIRFLOW_CTX_DAG_OWNER='minh_anh' AIRFLOW_CTX_DAG_ID='dbt_banking_dwh_job' AIRFLOW_CTX_TASK_ID='run_dbt_models' AIRFLOW_CTX_EXECUTION_DATE='2026-03-19T02:00:00+00:00' AIRFLOW_CTX_TRY_NUMBER='1' AIRFLOW_CTX_DAG_RUN_ID='scheduled__2026-03-19T02:00:00+00:00'
[2026-03-23T04:03:03.212+0000] {taskinstance.py:430} INFO - ::endgroup::
[2026-03-23T04:03:03.215+0000] {subprocess.py:63} INFO - Tmp dir root location: /tmp
[2026-03-23T04:03:03.218+0000] {subprocess.py:75} INFO - Running command: ['/usr/bin/bash', '-c', 'cd /opt/***/dags/banking_dwh && pwd && ls -la && cat profiles.yml && dbt run --profiles-dir .']
[2026-03-23T04:03:03.248+0000] {subprocess.py:86} INFO - Output:
[2026-03-23T04:03:03.254+0000] {subprocess.py:93} INFO - /opt/***/dags/banking_dwh
[2026-03-23T04:03:03.308+0000] {subprocess.py:93} INFO - total 4
[2026-03-23T04:03:03.309+0000] {subprocess.py:93} INFO - drwxrwxrwx 1 *** root 4096 Mar 19 08:48 .
[2026-03-23T04:03:03.310+0000] {subprocess.py:93} INFO - drwxrwxrwx 1 *** root 4096 Mar 19 08:47 ..
[2026-03-23T04:03:03.311+0000] {subprocess.py:93} INFO - -rwxrwxrwx 1 *** root   52 Mar 12 03:21 .gitignore
[2026-03-23T04:03:03.311+0000] {subprocess.py:93} INFO - -rw-rw-r-- 1 *** root   41 Mar 19 08:48 .user.yml
[2026-03-23T04:03:03.312+0000] {subprocess.py:93} INFO - -rwxrwxrwx 1 *** root  571 Mar  2 09:00 README.md
[2026-03-23T04:03:03.313+0000] {subprocess.py:93} INFO - drwxrwxrwx 1 *** root 4096 Mar 19 07:33 analyses
[2026-03-23T04:03:03.314+0000] {subprocess.py:93} INFO - drwxrwxrwx 1 *** root 4096 Mar 19 03:32 dbt_packages
[2026-03-23T04:03:03.314+0000] {subprocess.py:93} INFO - -rwxrwxrwx 1 *** root 1374 Mar 19 03:33 dbt_project.yml
[2026-03-23T04:03:03.315+0000] {subprocess.py:93} INFO - drwxrwxrwx 1 *** root 4096 Mar 19 07:33 logs
[2026-03-23T04:03:03.316+0000] {subprocess.py:93} INFO - drwxrwxrwx 1 *** root 4096 Mar 19 07:33 macros
[2026-03-23T04:03:03.317+0000] {subprocess.py:93} INFO - drwxrwxrwx 1 *** root 4096 Mar 19 07:33 models
[2026-03-23T04:03:03.317+0000] {subprocess.py:93} INFO - -rwxrwxrwx 1 *** root  295 Mar 19 09:49 profiles.yml
[2026-03-23T04:03:03.318+0000] {subprocess.py:93} INFO - drwxrwxrwx 1 *** root 4096 Mar 19 07:33 seeds
[2026-03-23T04:03:03.319+0000] {subprocess.py:93} INFO - drwxrwxrwx 1 *** root 4096 Mar 19 07:33 snapshots
[2026-03-23T04:03:03.319+0000] {subprocess.py:93} INFO - drwxrwxrwx 1 *** root 4096 Mar 19 07:33 target
[2026-03-23T04:03:03.320+0000] {subprocess.py:93} INFO - drwxrwxrwx 1 *** root 4096 Mar 19 07:33 tests
[2026-03-23T04:03:03.321+0000] {subprocess.py:93} INFO - banking_dwh:
[2026-03-23T04:03:03.321+0000] {subprocess.py:93} INFO -   target: dev
[2026-03-23T04:03:03.322+0000] {subprocess.py:93} INFO -   outputs:
[2026-03-23T04:03:03.323+0000] {subprocess.py:93} INFO -     dev:
[2026-03-23T04:03:03.324+0000] {subprocess.py:93} INFO -       type: postgres
[2026-03-23T04:03:03.325+0000] {subprocess.py:93} INFO -       host: host.docker.internal
[2026-03-23T04:03:03.325+0000] {subprocess.py:93} INFO -       port: 5433
[2026-03-23T04:03:03.326+0000] {subprocess.py:93} INFO -       user: postgres
[2026-03-23T04:03:03.327+0000] {subprocess.py:93} INFO -       password: "123456"
[2026-03-23T04:03:03.327+0000] {subprocess.py:93} INFO -       dbname: postgres
[2026-03-23T04:03:03.328+0000] {subprocess.py:93} INFO -       schema: sor # Tôi cấu hình sẵn schema là sor dựa trên file code của bạn
[2026-03-23T04:03:08.007+0000] {subprocess.py:93} INFO -       threads: 4[0m04:03:08  Running with dbt=1.11.7
[2026-03-23T04:03:08.625+0000] {subprocess.py:93} INFO - [0m04:03:08  Registered adapter: postgres=1.10.0
[2026-03-23T04:03:09.560+0000] {subprocess.py:93} INFO - [0m04:03:09  [[33mWARNING[0m]: Configuration paths exist in your dbt_project.yml file which do not apply to any resources.
[2026-03-23T04:03:09.561+0000] {subprocess.py:93} INFO - There are 1 unused configuration paths:
[2026-03-23T04:03:09.561+0000] {subprocess.py:93} INFO - - models.banking_dwh.example
[2026-03-23T04:03:10.046+0000] {subprocess.py:93} INFO - [0m04:03:10  Found 6 models, 73 data tests, 7 sources, 478 macros
[2026-03-23T04:03:10.056+0000] {subprocess.py:93} INFO - [0m04:03:10
[2026-03-23T04:03:10.059+0000] {subprocess.py:93} INFO - [0m04:03:10  Concurrency: 4 threads (target='dev')
[2026-03-23T04:03:10.061+0000] {subprocess.py:93} INFO - [0m04:03:10
[2026-03-23T04:03:10.654+0000] {subprocess.py:93} INFO - [0m04:03:10  1 of 6 START sql table model sor.sor_branch .................................... [RUN]
[2026-03-23T04:03:10.656+0000] {subprocess.py:93} INFO - [0m04:03:10  2 of 6 START sql table model sor.sor_customer .................................. [RUN]
[2026-03-23T04:03:11.347+0000] {subprocess.py:93} INFO - [0m04:03:11  2 of 6 ERROR creating sql table model sor.sor_customer ......................... [[31mERROR[0m in 0.68s]
[2026-03-23T04:03:11.370+0000] {subprocess.py:93} INFO - [0m04:03:11  1 of 6 OK created sql table model sor.sor_branch ............................... [[32mSELECT 3[0m in 0.71s]
[2026-03-23T04:03:11.378+0000] {subprocess.py:93} INFO - [0m04:03:11  3 of 6 SKIP relation sor.sor_account ........................................... [[33mSKIP[0m]
[2026-03-23T04:03:11.388+0000] {subprocess.py:93} INFO - [0m04:03:11  4 of 6 SKIP relation sor.sor_daily_balance ..................................... [[33mSKIP[0m]
[2026-03-23T04:03:11.390+0000] {subprocess.py:93} INFO - [0m04:03:11  5 of 6 SKIP relation sor.sor_transaction ....................................... [[33mSKIP[0m]
[2026-03-23T04:03:11.401+0000] {subprocess.py:93} INFO - [0m04:03:11  6 of 6 SKIP relation sor.sor_cust_acct_sum ..................................... [[33mSKIP[0m]
[2026-03-23T04:03:11.496+0000] {subprocess.py:93} INFO - [0m04:03:11
[2026-03-23T04:03:11.498+0000] {subprocess.py:93} INFO - [0m04:03:11  Finished running 6 table models in 0 hours 0 minutes and 1.43 seconds (1.43s).
[2026-03-23T04:03:11.782+0000] {subprocess.py:93} INFO - [0m04:03:11
[2026-03-23T04:03:11.783+0000] {subprocess.py:93} INFO - [0m04:03:11  [31mCompleted with 1 error, 0 partial successes, and 0 warnings:[0m
[2026-03-23T04:03:11.785+0000] {subprocess.py:93} INFO - [0m04:03:11
[2026-03-23T04:03:11.787+0000] {subprocess.py:93} INFO - [0m04:03:11  [31mFailure in model sor_customer (models/sor/sor_customer.sql)[0m
[2026-03-23T04:03:11.789+0000] {subprocess.py:93} INFO - [0m04:03:11    Database Error in model sor_customer (models/sor/sor_customer.sql)
[2026-03-23T04:03:11.790+0000] {subprocess.py:93} INFO -   relation "sor_customer__dbt_backup" already exists
[2026-03-23T04:03:11.791+0000] {subprocess.py:93} INFO -   compiled code at target/run/banking_dwh/models/sor/sor_customer.sql
[2026-03-23T04:03:11.792+0000] {subprocess.py:93} INFO - [0m04:03:11
[2026-03-23T04:03:11.794+0000] {subprocess.py:93} INFO - [0m04:03:11    compiled code at target/compiled/banking_dwh/models/sor/sor_customer.sql
[2026-03-23T04:03:11.796+0000] {subprocess.py:93} INFO - [0m04:03:11
[2026-03-23T04:03:11.798+0000] {subprocess.py:93} INFO - [0m04:03:11  Done. PASS=1 WARN=0 ERROR=1 SKIP=4 NO-OP=0 TOTAL=6
[2026-03-23T04:03:05.083+0000] {subprocess.py:97} INFO - Command exited with return code 1
[2026-03-23T04:03:05.085+0000] {taskinstance.py:441} INFO - ::group::Post task execution logs
[2026-03-23T04:03:05.105+0000] {taskinstance.py:2890} ERROR - Task failed with exception
Traceback (most recent call last):
  File "/home/airflow/.local/lib/python3.12/site-packages/airflow/models/taskinstance.py", line 465, in _execute_task
    result = _execute_callable(context=context, **execute_callable_kwargs)
             ^^^^^^^^^^^^^^^^^^^^^^^^^^^^^^^^^^^^^^^^^^^^^^^^^^^^^^^^^^^^^
  File "/home/airflow/.local/lib/python3.12/site-packages/airflow/models/taskinstance.py", line 432, in _execute_callable
    return execute_callable(context=context, **execute_callable_kwargs)
           ^^^^^^^^^^^^^^^^^^^^^^^^^^^^^^^^^^^^^^^^^^^^^^^^^^^^^^^^^^^^
  File "/home/airflow/.local/lib/python3.12/site-packages/airflow/models/baseoperator.py", line 400, in wrapper
    return func(self, *args, **kwargs)
           ^^^^^^^^^^^^^^^^^^^^^^^^^^^
  File "/home/airflow/.local/lib/python3.12/site-packages/airflow/operators/bash.py", line 243, in execute
    raise AirflowException(
airflow.exceptions.AirflowException: Bash command failed. The command returned a non-zero exit code 1.
[2026-03-23T04:03:05.115+0000] {taskinstance.py:1205} INFO - Marking task as UP_FOR_RETRY. dag_id=dbt_banking_dwh_job, task_id=run_dbt_models, execution_date=20260319T020000, start_date=20260323T040302, end_date=20260323T040305
[2026-03-23T04:03:14.993+0000] {standard_task_runner.py:110} ERROR - Failed to execute job 43 for task run_dbt_models (Bash command failed. The command returned a non-zero exit code 1.; 500)
[2026-03-23T04:03:15.036+0000] {local_task_job_runner.py:240} INFO - Task exited with return code 1
[2026-03-23T04:03:15.061+0000] {taskinstance.py:3482} INFO - 0 downstream tasks scheduled from follow-on schedule check
[2026-03-23T04:03:15.065+0000] {local_task_job_runner.py:222} INFO - ::endgroup::
