[2026-03-23T04:02:46.572+0000] {local_task_job_runner.py:120} INFO - ::group::Pre task execution logs
[2026-03-23T04:02:46.616+0000] {taskinstance.py:2073} INFO - Dependencies all met for dep_context=non-requeueable deps ti=<TaskInstance: dbt_banking_dwh_job.check_dbt_ready scheduled__2026-03-22T02:00:00+00:00 [queued]>
[2026-03-23T04:02:46.630+0000] {taskinstance.py:2073} INFO - Dependencies all met for dep_context=requeueable deps ti=<TaskInstance: dbt_banking_dwh_job.check_dbt_ready scheduled__2026-03-22T02:00:00+00:00 [queued]>
[2026-03-23T04:02:46.631+0000] {taskinstance.py:2303} INFO - Starting attempt 1 of 2
[2026-03-23T04:02:46.652+0000] {taskinstance.py:2327} INFO - Executing <Task(BashOperator): check_dbt_ready> on 2026-03-22 02:00:00+00:00
[2026-03-23T04:02:46.680+0000] {logging_mixin.py:188} WARNING - /home/***/.local/lib/python3.12/site-packages/***/task/task_runner/standard_task_runner.py:61 DeprecationWarning: This process (pid=228) is multi-threaded, use of fork() may lead to deadlocks in the child.
[2026-03-23T04:02:46.675+0000] {standard_task_runner.py:90} INFO - Running: ['***', 'tasks', 'run', 'dbt_banking_dwh_job', 'check_dbt_ready', 'scheduled__2026-03-22T02:00:00+00:00', '--job-id', '42', '--raw', '--subdir', 'DAGS_FOLDER/dbt_banking_job.py', '--cfg-path', '/tmp/tmp35zrezwr']
[2026-03-23T04:02:46.682+0000] {standard_task_runner.py:63} INFO - Started process 232 to run task
[2026-03-23T04:02:46.682+0000] {standard_task_runner.py:91} INFO - Job 42: Subtask check_dbt_ready
[2026-03-23T04:02:46.801+0000] {task_command.py:426} INFO - Running <TaskInstance: dbt_banking_dwh_job.check_dbt_ready scheduled__2026-03-22T02:00:00+00:00 [running]> on host 51c6d1f0e973
[2026-03-23T04:02:46.947+0000] {taskinstance.py:2644} INFO - Exporting env vars: AIRFLOW_CTX_DAG_OWNER='minh_anh' AIRFLOW_CTX_DAG_ID='dbt_banking_dwh_job' AIRFLOW_CTX_TASK_ID='check_dbt_ready' AIRFLOW_CTX_EXECUTION_DATE='2026-03-22T02:00:00+00:00' AIRFLOW_CTX_TRY_NUMBER='1' AIRFLOW_CTX_DAG_RUN_ID='scheduled__2026-03-22T02:00:00+00:00'
[2026-03-23T04:02:46.951+0000] {taskinstance.py:430} INFO - ::endgroup::
[2026-03-23T04:02:46.952+0000] {subprocess.py:63} INFO - Tmp dir root location: /tmp
[2026-03-23T04:02:46.955+0000] {subprocess.py:75} INFO - Running command: ['/usr/bin/bash', '-c', 'dbt --version']
[2026-03-23T04:02:46.979+0000] {subprocess.py:86} INFO - Output:
[2026-03-23T04:02:59.824+0000] {subprocess.py:93} INFO - Core:
[2026-03-23T04:02:59.825+0000] {subprocess.py:93} INFO -   - installed: 1.11.7
[2026-03-23T04:02:59.826+0000] {subprocess.py:93} INFO -   - latest:    1.11.7 - Up to date!
[2026-03-23T04:02:59.827+0000] {subprocess.py:93} INFO - 
[2026-03-23T04:02:59.827+0000] {subprocess.py:93} INFO - Plugins:
[2026-03-23T04:02:59.828+0000] {subprocess.py:93} INFO -   - postgres: 1.10.0 - Up to date!
[2026-03-23T04:02:59.828+0000] {subprocess.py:93} INFO - 
[2026-03-23T04:02:59.829+0000] {subprocess.py:93} INFO - 
[2026-03-23T04:03:00.342+0000] {subprocess.py:97} INFO - Command exited with return code 0
[2026-03-23T04:03:00.344+0000] {taskinstance.py:441} INFO - ::group::Post task execution logs
[2026-03-23T04:03:00.391+0000] {taskinstance.py:1205} INFO - Marking task as SUCCESS. dag_id=dbt_banking_dwh_job, task_id=check_dbt_ready, execution_date=20260322T020000, start_date=20260323T040246, end_date=20260323T040300
[2026-03-23T04:03:00.465+0000] {local_task_job_runner.py:240} INFO - Task exited with return code 0
[2026-03-23T04:03:00.496+0000] {taskinstance.py:3482} INFO - 1 downstream tasks scheduled from follow-on schedule check
[2026-03-23T04:03:00.501+0000] {local_task_job_runner.py:222} INFO - ::endgroup::
