[2026-03-25T03:29:11.504+0000] {local_task_job_runner.py:120} INFO - ::group::Pre task execution logs
[2026-03-25T03:29:11.554+0000] {taskinstance.py:2073} INFO - Dependencies all met for dep_context=non-requeueable deps ti=<TaskInstance: dbt_banking_dwh_job.run_dbt_models scheduled__2026-03-24T02:00:00+00:00 [queued]>
[2026-03-25T03:29:11.569+0000] {taskinstance.py:2073} INFO - Dependencies all met for dep_context=requeueable deps ti=<TaskInstance: dbt_banking_dwh_job.run_dbt_models scheduled__2026-03-24T02:00:00+00:00 [queued]>
[2026-03-25T03:29:11.570+0000] {taskinstance.py:2303} INFO - Starting attempt 1 of 2
[2026-03-25T03:29:11.590+0000] {taskinstance.py:2327} INFO - Executing <Task(BashOperator): run_dbt_models> on 2026-03-24 02:00:00+00:00
[2026-03-25T03:29:11.609+0000] {standard_task_runner.py:90} INFO - Running: ['***', 'tasks', 'run', 'dbt_banking_dwh_job', 'run_dbt_models', 'scheduled__2026-03-24T02:00:00+00:00', '--job-id', '55', '--raw', '--subdir', 'DAGS_FOLDER/dbt_banking_job.py', '--cfg-path', '/tmp/tmp93er_jtt']
[2026-03-25T03:29:11.614+0000] {standard_task_runner.py:91} INFO - Job 55: Subtask run_dbt_models
[2026-03-25T03:29:11.615+0000] {logging_mixin.py:188} WARNING - /home/***/.local/lib/python3.12/site-packages/***/task/task_runner/standard_task_runner.py:61 DeprecationWarning: This process (pid=255) is multi-threaded, use of fork() may lead to deadlocks in the child.
[2026-03-25T03:29:11.617+0000] {standard_task_runner.py:63} INFO - Started process 307 to run task
[2026-03-25T03:29:11.730+0000] {task_command.py:426} INFO - Running <TaskInstance: dbt_banking_dwh_job.run_dbt_models scheduled__2026-03-24T02:00:00+00:00 [running]> on host 51c6d1f0e973
[2026-03-25T03:29:11.874+0000] {taskinstance.py:2644} INFO - Exporting env vars: AIRFLOW_CTX_DAG_OWNER='minh_anh' AIRFLOW_CTX_DAG_ID='dbt_banking_dwh_job' AIRFLOW_CTX_TASK_ID='run_dbt_models' AIRFLOW_CTX_EXECUTION_DATE='2026-03-24T02:00:00+00:00' AIRFLOW_CTX_TRY_NUMBER='1' AIRFLOW_CTX_DAG_RUN_ID='scheduled__2026-03-24T02:00:00+00:00'
[2026-03-25T03:29:11.878+0000] {taskinstance.py:430} INFO - ::endgroup::
[2026-03-25T03:29:11.880+0000] {subprocess.py:63} INFO - Tmp dir root location: /tmp
[2026-03-25T03:29:11.883+0000] {subprocess.py:75} INFO - Running command: ['/usr/bin/bash', '-c', 'cd /opt/***/dags/banking_dwh && pwd && ls -la && cat profiles.yml && dbt run --profiles-dir .']
[2026-03-25T03:29:11.909+0000] {subprocess.py:86} INFO - Output:
[2026-03-25T03:29:11.916+0000] {subprocess.py:93} INFO - /opt/***/dags/banking_dwh
[2026-03-25T03:29:11.959+0000] {subprocess.py:93} INFO - total 4
[2026-03-25T03:29:11.960+0000] {subprocess.py:93} INFO - drwxrwxrwx 1 *** root 4096 Mar 19 08:48 .
[2026-03-25T03:29:11.961+0000] {subprocess.py:93} INFO - drwxrwxrwx 1 *** root 4096 Mar 19 08:47 ..
[2026-03-25T03:29:11.962+0000] {subprocess.py:93} INFO - -rwxrwxrwx 1 *** root   52 Mar 12 03:21 .gitignore
[2026-03-25T03:29:11.963+0000] {subprocess.py:93} INFO - -rw-rw-r-- 1 *** root   41 Mar 19 08:48 .user.yml
[2026-03-25T03:29:11.963+0000] {subprocess.py:93} INFO - -rwxrwxrwx 1 *** root  571 Mar  2 09:00 README.md
[2026-03-25T03:29:11.964+0000] {subprocess.py:93} INFO - drwxrwxrwx 1 *** root 4096 Mar 19 07:33 analyses
[2026-03-25T03:29:11.965+0000] {subprocess.py:93} INFO - drwxrwxrwx 1 *** root 4096 Mar 19 03:32 dbt_packages
[2026-03-25T03:29:11.966+0000] {subprocess.py:93} INFO - -rwxrwxrwx 1 *** root 1374 Mar 19 03:33 dbt_project.yml
[2026-03-25T03:29:11.966+0000] {subprocess.py:93} INFO - drwxrwxrwx 1 *** root 4096 Mar 19 07:33 logs
[2026-03-25T03:29:11.967+0000] {subprocess.py:93} INFO - drwxrwxrwx 1 *** root 4096 Mar 19 07:33 macros
[2026-03-25T03:29:11.968+0000] {subprocess.py:93} INFO - drwxrwxrwx 1 *** root 4096 Mar 19 07:33 models
[2026-03-25T03:29:11.969+0000] {subprocess.py:93} INFO - -rwxrwxrwx 1 *** root  295 Mar 19 09:49 profiles.yml
[2026-03-25T03:29:11.969+0000] {subprocess.py:93} INFO - drwxrwxrwx 1 *** root 4096 Mar 19 07:33 seeds
[2026-03-25T03:29:11.970+0000] {subprocess.py:93} INFO - drwxrwxrwx 1 *** root 4096 Mar 19 07:33 snapshots
[2026-03-25T03:29:11.971+0000] {subprocess.py:93} INFO - drwxrwxrwx 1 *** root 4096 Mar 19 07:33 target
[2026-03-25T03:29:11.971+0000] {subprocess.py:93} INFO - drwxrwxrwx 1 *** root 4096 Mar 19 07:33 tests
[2026-03-25T03:29:11.972+0000] {subprocess.py:93} INFO - banking_dwh:
[2026-03-25T03:29:11.974+0000] {subprocess.py:93} INFO -   target: dev
[2026-03-25T03:29:11.975+0000] {subprocess.py:93} INFO -   outputs:
[2026-03-25T03:29:11.976+0000] {subprocess.py:93} INFO -     dev:
[2026-03-25T03:29:11.977+0000] {subprocess.py:93} INFO -       type: postgres
[2026-03-25T03:29:11.978+0000] {subprocess.py:93} INFO -       host: host.docker.internal
[2026-03-25T03:29:11.978+0000] {subprocess.py:93} INFO -       port: 5433
[2026-03-25T03:29:11.979+0000] {subprocess.py:93} INFO -       user: postgres
[2026-03-25T03:29:11.980+0000] {subprocess.py:93} INFO -       password: "123456"
[2026-03-25T03:29:11.980+0000] {subprocess.py:93} INFO -       dbname: postgres
[2026-03-25T03:29:11.981+0000] {subprocess.py:93} INFO -       schema: sor # Tôi cấu hình sẵn schema là sor dựa trên file code của bạn
[2026-03-25T03:29:16.610+0000] {subprocess.py:93} INFO -       threads: 4[0m03:29:16  Running with dbt=1.11.7
[2026-03-25T03:29:17.261+0000] {subprocess.py:93} INFO - [0m03:29:17  Registered adapter: postgres=1.10.0
[2026-03-25T03:29:18.226+0000] {subprocess.py:93} INFO - [0m03:29:18  [[33mWARNING[0m]: Configuration paths exist in your dbt_project.yml file which do not apply to any resources.
[2026-03-25T03:29:18.227+0000] {subprocess.py:93} INFO - There are 1 unused configuration paths:
[2026-03-25T03:29:18.228+0000] {subprocess.py:93} INFO - - models.banking_dwh.example
[2026-03-25T03:29:18.746+0000] {subprocess.py:93} INFO - [0m03:29:18  Found 6 models, 73 data tests, 7 sources, 478 macros
[2026-03-25T03:29:18.756+0000] {subprocess.py:93} INFO - [0m03:29:18
[2026-03-25T03:29:18.757+0000] {subprocess.py:93} INFO - [0m03:29:18  Concurrency: 4 threads (target='dev')
[2026-03-25T03:29:18.759+0000] {subprocess.py:93} INFO - [0m03:29:18
[2026-03-25T03:29:19.356+0000] {subprocess.py:93} INFO - [0m03:29:19  1 of 6 START sql table model sor.sor_branch .................................... [RUN]
[2026-03-25T03:29:19.358+0000] {subprocess.py:93} INFO - [0m03:29:19  2 of 6 START sql table model sor.sor_customer .................................. [RUN]
[2026-03-25T03:29:19.949+0000] {subprocess.py:93} INFO - [0m03:29:19  1 of 6 OK created sql table model sor.sor_branch ............................... [[32mSELECT 3[0m in 0.58s]
[2026-03-25T03:29:19.951+0000] {subprocess.py:93} INFO - [0m03:29:19  2 of 6 OK created sql table model sor.sor_customer ............................. [[32mSELECT 5[0m in 0.58s]
[2026-03-25T03:29:19.962+0000] {subprocess.py:93} INFO - [0m03:29:19  3 of 6 START sql table model sor.sor_account ................................... [RUN]
[2026-03-25T03:29:20.276+0000] {subprocess.py:93} INFO - [0m03:29:20  3 of 6 OK created sql table model sor.sor_account .............................. [[32mSELECT 7[0m in 0.31s]
[2026-03-25T03:29:20.283+0000] {subprocess.py:93} INFO - [0m03:29:20  4 of 6 START sql table model sor.sor_daily_balance ............................. [RUN]
[2026-03-25T03:29:20.285+0000] {subprocess.py:93} INFO - [0m03:29:20  5 of 6 START sql table model sor.sor_transaction ............................... [RUN]
[2026-03-25T03:29:20.630+0000] {subprocess.py:93} INFO - [0m03:29:20  5 of 6 OK created sql table model sor.sor_transaction .......................... [[32mSELECT 10[0m in 0.34s]
[2026-03-25T03:29:20.724+0000] {subprocess.py:93} INFO - [0m03:29:20  4 of 6 OK created sql table model sor.sor_daily_balance ........................ [[32mSELECT 7[0m in 0.43s]
[2026-03-25T03:29:20.732+0000] {subprocess.py:93} INFO - [0m03:29:20  6 of 6 START sql table model sor.sor_cust_acct_sum ............................. [RUN]
[2026-03-25T03:29:20.974+0000] {subprocess.py:93} INFO - [0m03:29:20  6 of 6 OK created sql table model sor.sor_cust_acct_sum ........................ [[32mSELECT 5[0m in 0.24s]
[2026-03-25T03:29:21.181+0000] {subprocess.py:93} INFO - [0m03:29:21
[2026-03-25T03:29:21.183+0000] {subprocess.py:93} INFO - [0m03:29:21  Finished running 6 table models in 0 hours 0 minutes and 2.42 seconds (2.42s).
[2026-03-25T03:29:21.333+0000] {subprocess.py:93} INFO - [0m03:29:21
[2026-03-25T03:29:21.335+0000] {subprocess.py:93} INFO - [0m03:29:21  [32mCompleted successfully[0m
[2026-03-25T03:29:21.337+0000] {subprocess.py:93} INFO - [0m03:29:21
[2026-03-25T03:29:21.339+0000] {subprocess.py:93} INFO - [0m03:29:21  Done. PASS=6 WARN=0 ERROR=0 SKIP=0 NO-OP=0 TOTAL=6
[2026-03-25T03:29:29.921+0000] {subprocess.py:97} INFO - Command exited with return code 0
[2026-03-25T03:29:29.923+0000] {taskinstance.py:441} INFO - ::group::Post task execution logs
[2026-03-25T03:29:29.967+0000] {taskinstance.py:1205} INFO - Marking task as SUCCESS. dag_id=dbt_banking_dwh_job, task_id=run_dbt_models, execution_date=20260324T020000, start_date=20260325T032911, end_date=20260325T032929
[2026-03-25T03:29:30.038+0000] {local_task_job_runner.py:240} INFO - Task exited with return code 0
[2026-03-25T03:29:30.063+0000] {taskinstance.py:3482} INFO - 0 downstream tasks scheduled from follow-on schedule check
[2026-03-25T03:29:30.068+0000] {local_task_job_runner.py:222} INFO - ::endgroup::
