[2026-03-19T08:58:36.204+0000] {local_task_job_runner.py:120} INFO - ::group::Pre task execution logs
[2026-03-19T08:58:36.230+0000] {taskinstance.py:2073} INFO - Dependencies all met for dep_context=non-requeueable deps ti=<TaskInstance: dbt_banking_dwh_job.run_dbt_models manual__2026-03-19T08:58:29.930599+00:00 [queued]>
[2026-03-19T08:58:36.236+0000] {taskinstance.py:2073} INFO - Dependencies all met for dep_context=requeueable deps ti=<TaskInstance: dbt_banking_dwh_job.run_dbt_models manual__2026-03-19T08:58:29.930599+00:00 [queued]>
[2026-03-19T08:58:36.237+0000] {taskinstance.py:2303} INFO - Starting attempt 1 of 2
[2026-03-19T08:58:36.248+0000] {taskinstance.py:2327} INFO - Executing <Task(BashOperator): run_dbt_models> on 2026-03-19 08:58:29.930599+00:00
[2026-03-19T08:58:36.259+0000] {standard_task_runner.py:90} INFO - Running: ['***', 'tasks', 'run', 'dbt_banking_dwh_job', 'run_dbt_models', 'manual__2026-03-19T08:58:29.930599+00:00', '--job-id', '23', '--raw', '--subdir', 'DAGS_FOLDER/dbt_banking_job.py', '--cfg-path', '/tmp/tmpbj8ndqup']
[2026-03-19T08:58:36.261+0000] {logging_mixin.py:188} WARNING - /home/***/.local/lib/python3.12/site-packages/***/task/task_runner/standard_task_runner.py:61 DeprecationWarning: This process (pid=11819) is multi-threaded, use of fork() may lead to deadlocks in the child.
[2026-03-19T08:58:36.262+0000] {standard_task_runner.py:91} INFO - Job 23: Subtask run_dbt_models
[2026-03-19T08:58:36.262+0000] {standard_task_runner.py:63} INFO - Started process 11821 to run task
[2026-03-19T08:58:36.323+0000] {task_command.py:426} INFO - Running <TaskInstance: dbt_banking_dwh_job.run_dbt_models manual__2026-03-19T08:58:29.930599+00:00 [running]> on host 51c6d1f0e973
[2026-03-19T08:58:36.397+0000] {taskinstance.py:2644} INFO - Exporting env vars: AIRFLOW_CTX_DAG_OWNER='3_chang_linh_ngu_lam' AIRFLOW_CTX_DAG_ID='dbt_banking_dwh_job' AIRFLOW_CTX_TASK_ID='run_dbt_models' AIRFLOW_CTX_EXECUTION_DATE='2026-03-19T08:58:29.930599+00:00' AIRFLOW_CTX_TRY_NUMBER='1' AIRFLOW_CTX_DAG_RUN_ID='manual__2026-03-19T08:58:29.930599+00:00'
[2026-03-19T08:58:36.399+0000] {taskinstance.py:430} INFO - ::endgroup::
[2026-03-19T08:58:36.400+0000] {subprocess.py:63} INFO - Tmp dir root location: /tmp
[2026-03-19T08:58:36.402+0000] {subprocess.py:75} INFO - Running command: ['/usr/bin/bash', '-c', 'cd /opt/***/dags/banking_dwh && ls -la && cat profiles.yml && dbt run --profiles-dir /opt/***/dags/banking_dwh']
[2026-03-19T08:58:36.419+0000] {subprocess.py:86} INFO - Output:
[2026-03-19T08:58:36.444+0000] {subprocess.py:93} INFO - total 4
[2026-03-19T08:58:36.444+0000] {subprocess.py:93} INFO - drwxrwxrwx 1 *** root 4096 Mar 19 08:48 .
[2026-03-19T08:58:36.445+0000] {subprocess.py:93} INFO - drwxrwxrwx 1 *** root 4096 Mar 19 08:47 ..
[2026-03-19T08:58:36.445+0000] {subprocess.py:93} INFO - -rwxrwxrwx 1 *** root   52 Mar 12 03:21 .gitignore
[2026-03-19T08:58:36.446+0000] {subprocess.py:93} INFO - -rw-rw-r-- 1 *** root   41 Mar 19 08:48 .user.yml
[2026-03-19T08:58:36.446+0000] {subprocess.py:93} INFO - -rwxrwxrwx 1 *** root  571 Mar  2 09:00 README.md
[2026-03-19T08:58:36.446+0000] {subprocess.py:93} INFO - drwxrwxrwx 1 *** root 4096 Mar 19 07:33 analyses
[2026-03-19T08:58:36.446+0000] {subprocess.py:93} INFO - drwxrwxrwx 1 *** root 4096 Mar 19 03:32 dbt_packages
[2026-03-19T08:58:36.447+0000] {subprocess.py:93} INFO - -rwxrwxrwx 1 *** root 1374 Mar 19 03:33 dbt_project.yml
[2026-03-19T08:58:36.447+0000] {subprocess.py:93} INFO - drwxrwxrwx 1 *** root 4096 Mar 19 07:33 logs
[2026-03-19T08:58:36.447+0000] {subprocess.py:93} INFO - drwxrwxrwx 1 *** root 4096 Mar 19 07:33 macros
[2026-03-19T08:58:36.448+0000] {subprocess.py:93} INFO - drwxrwxrwx 1 *** root 4096 Mar 19 07:33 models
[2026-03-19T08:58:36.448+0000] {subprocess.py:93} INFO - -rwxrwxrwx 1 *** root  291 Mar 19 07:50 profiles.yml
[2026-03-19T08:58:36.449+0000] {subprocess.py:93} INFO - drwxrwxrwx 1 *** root 4096 Mar 19 07:33 seeds
[2026-03-19T08:58:36.449+0000] {subprocess.py:93} INFO - drwxrwxrwx 1 *** root 4096 Mar 19 07:33 snapshots
[2026-03-19T08:58:36.449+0000] {subprocess.py:93} INFO - drwxrwxrwx 1 *** root 4096 Mar 19 07:33 target
[2026-03-19T08:58:36.450+0000] {subprocess.py:93} INFO - drwxrwxrwx 1 *** root 4096 Mar 19 07:33 tests
[2026-03-19T08:58:36.450+0000] {subprocess.py:93} INFO - banking_dwh:
[2026-03-19T08:58:36.451+0000] {subprocess.py:93} INFO -   target: dev
[2026-03-19T08:58:36.451+0000] {subprocess.py:93} INFO -   outputs:
[2026-03-19T08:58:36.451+0000] {subprocess.py:93} INFO -     dev:
[2026-03-19T08:58:36.452+0000] {subprocess.py:93} INFO -       type: postgres
[2026-03-19T08:58:36.452+0000] {subprocess.py:93} INFO -       host: host.docker.internal
[2026-03-19T08:58:36.452+0000] {subprocess.py:93} INFO -       port: 5432
[2026-03-19T08:58:36.452+0000] {subprocess.py:93} INFO -       user: postgres
[2026-03-19T08:58:36.453+0000] {subprocess.py:93} INFO -       password: 2512
[2026-03-19T08:58:36.453+0000] {subprocess.py:93} INFO -       dbname: postgres
[2026-03-19T08:58:36.453+0000] {subprocess.py:93} INFO -       schema: sor # Tôi cấu hình sẵn schema là sor dựa trên file code của bạn
[2026-03-19T08:58:38.462+0000] {subprocess.py:93} INFO -       threads: 4[0m08:58:38  Running with dbt=1.11.7
[2026-03-19T08:58:38.529+0000] {subprocess.py:93} INFO - [0m08:58:38  Encountered an error:
[2026-03-19T08:58:38.529+0000] {subprocess.py:93} INFO - Runtime Error
[2026-03-19T08:58:38.530+0000] {subprocess.py:93} INFO -   Credentials in profile "banking_dwh", target "dev" invalid: 2512 is not of type 'string'
[2026-03-19T08:58:40.420+0000] {subprocess.py:97} INFO - Command exited with return code 2
[2026-03-19T08:58:40.421+0000] {taskinstance.py:441} INFO - ::group::Post task execution logs
[2026-03-19T08:58:40.432+0000] {taskinstance.py:2890} ERROR - Task failed with exception
Traceback (most recent call last):
  File "/home/airflow/.local/lib/python3.12/site-packages/airflow/models/taskinstance.py", line 465, in _execute_task
    result = _execute_callable(context=context, **execute_callable_kwargs)
             ^^^^^^^^^^^^^^^^^^^^^^^^^^^^^^^^^^^^^^^^^^^^^^^^^^^^^^^^^^^^^
  File "/home/airflow/.local/lib/python3.12/site-packages/airflow/models/taskinstance.py", line 432, in _execute_callable
    return execute_callable(context=context, **execute_callable_kwargs)
           ^^^^^^^^^^^^^^^^^^^^^^^^^^^^^^^^^^^^^^^^^^^^^^^^^^^^^^^^^^^^
  File "/home/airflow/.local/lib/python3.12/site-packages/airflow/models/baseoperator.py", line 400, in wrapper
    return func(self, *args, **kwargs)
           ^^^^^^^^^^^^^^^^^^^^^^^^^^^
  File "/home/airflow/.local/lib/python3.12/site-packages/airflow/operators/bash.py", line 243, in execute
    raise AirflowException(
airflow.exceptions.AirflowException: Bash command failed. The command returned a non-zero exit code 2.
[2026-03-19T08:58:40.436+0000] {taskinstance.py:1205} INFO - Marking task as UP_FOR_RETRY. dag_id=dbt_banking_dwh_job, task_id=run_dbt_models, execution_date=20260319T085829, start_date=20260319T085836, end_date=20260319T085840
[2026-03-19T08:58:40.451+0000] {standard_task_runner.py:110} ERROR - Failed to execute job 23 for task run_dbt_models (Bash command failed. The command returned a non-zero exit code 2.; 11821)
[2026-03-19T08:58:40.486+0000] {local_task_job_runner.py:240} INFO - Task exited with return code 1
[2026-03-19T08:58:40.507+0000] {taskinstance.py:3482} INFO - 0 downstream tasks scheduled from follow-on schedule check
[2026-03-19T08:58:40.510+0000] {local_task_job_runner.py:222} INFO - ::endgroup::
