[2026-03-19T08:48:39.113+0000] {local_task_job_runner.py:120} INFO - ::group::Pre task execution logs
[2026-03-19T08:48:39.145+0000] {taskinstance.py:2073} INFO - Dependencies all met for dep_context=non-requeueable deps ti=<TaskInstance: dbt_banking_dwh_job.check_dbt_ready manual__2026-03-19T08:48:37.181111+00:00 [queued]>
[2026-03-19T08:48:39.154+0000] {taskinstance.py:2073} INFO - Dependencies all met for dep_context=requeueable deps ti=<TaskInstance: dbt_banking_dwh_job.check_dbt_ready manual__2026-03-19T08:48:37.181111+00:00 [queued]>
[2026-03-19T08:48:39.154+0000] {taskinstance.py:2303} INFO - Starting attempt 1 of 2
[2026-03-19T08:48:39.168+0000] {taskinstance.py:2327} INFO - Executing <Task(BashOperator): check_dbt_ready> on 2026-03-19 08:48:37.181111+00:00
[2026-03-19T08:48:39.181+0000] {standard_task_runner.py:90} INFO - Running: ['***', 'tasks', 'run', 'dbt_banking_dwh_job', 'check_dbt_ready', 'manual__2026-03-19T08:48:37.181111+00:00', '--job-id', '18', '--raw', '--subdir', 'DAGS_FOLDER/dbt_banking_job.py', '--cfg-path', '/tmp/tmp2uaep62l']
[2026-03-19T08:48:39.184+0000] {logging_mixin.py:188} WARNING - /home/***/.local/lib/python3.12/site-packages/***/task/task_runner/standard_task_runner.py:61 DeprecationWarning: This process (pid=6959) is multi-threaded, use of fork() may lead to deadlocks in the child.
[2026-03-19T08:48:39.184+0000] {standard_task_runner.py:91} INFO - Job 18: Subtask check_dbt_ready
[2026-03-19T08:48:39.185+0000] {standard_task_runner.py:63} INFO - Started process 6962 to run task
[2026-03-19T08:48:39.253+0000] {task_command.py:426} INFO - Running <TaskInstance: dbt_banking_dwh_job.check_dbt_ready manual__2026-03-19T08:48:37.181111+00:00 [running]> on host 51c6d1f0e973
[2026-03-19T08:48:39.338+0000] {taskinstance.py:2644} INFO - Exporting env vars: AIRFLOW_CTX_DAG_OWNER='minh_anh' AIRFLOW_CTX_DAG_ID='dbt_banking_dwh_job' AIRFLOW_CTX_TASK_ID='check_dbt_ready' AIRFLOW_CTX_EXECUTION_DATE='2026-03-19T08:48:37.181111+00:00' AIRFLOW_CTX_TRY_NUMBER='1' AIRFLOW_CTX_DAG_RUN_ID='manual__2026-03-19T08:48:37.181111+00:00'
[2026-03-19T08:48:39.340+0000] {taskinstance.py:430} INFO - ::endgroup::
[2026-03-19T08:48:39.342+0000] {subprocess.py:63} INFO - Tmp dir root location: /tmp
[2026-03-19T08:48:39.343+0000] {subprocess.py:75} INFO - Running command: ['/usr/bin/bash', '-c', 'dbt --version']
[2026-03-19T08:48:39.360+0000] {subprocess.py:86} INFO - Output:
[2026-03-19T08:48:42.957+0000] {subprocess.py:93} INFO - Core:
[2026-03-19T08:48:42.958+0000] {subprocess.py:93} INFO -   - installed: 1.11.7
[2026-03-19T08:48:42.959+0000] {subprocess.py:93} INFO -   - latest:    1.11.7 - Up to date!
[2026-03-19T08:48:42.960+0000] {subprocess.py:93} INFO - 
[2026-03-19T08:48:42.961+0000] {subprocess.py:93} INFO - Plugins:
[2026-03-19T08:48:42.961+0000] {subprocess.py:93} INFO -   - postgres: 1.10.0 - Up to date!
[2026-03-19T08:48:42.961+0000] {subprocess.py:93} INFO - 
[2026-03-19T08:48:42.962+0000] {subprocess.py:93} INFO - 
[2026-03-19T08:48:43.349+0000] {subprocess.py:97} INFO - Command exited with return code 0
[2026-03-19T08:48:43.351+0000] {taskinstance.py:441} INFO - ::group::Post task execution logs
[2026-03-19T08:48:43.385+0000] {taskinstance.py:1205} INFO - Marking task as SUCCESS. dag_id=dbt_banking_dwh_job, task_id=check_dbt_ready, execution_date=20260319T084837, start_date=20260319T084839, end_date=20260319T084843
[2026-03-19T08:48:43.450+0000] {local_task_job_runner.py:240} INFO - Task exited with return code 0
[2026-03-19T08:48:43.475+0000] {taskinstance.py:3482} INFO - 1 downstream tasks scheduled from follow-on schedule check
[2026-03-19T08:48:43.479+0000] {local_task_job_runner.py:222} INFO - ::endgroup::
