[2026-03-26T03:09:07.602+0000] {local_task_job_runner.py:120} INFO - ::group::Pre task execution logs
[2026-03-26T03:09:07.637+0000] {taskinstance.py:2073} INFO - Dependencies all met for dep_context=non-requeueable deps ti=<TaskInstance: dbt_banking_dwh_job.check_dbt_ready scheduled__2026-03-25T02:00:00+00:00 [queued]>
[2026-03-26T03:09:07.647+0000] {taskinstance.py:2073} INFO - Dependencies all met for dep_context=requeueable deps ti=<TaskInstance: dbt_banking_dwh_job.check_dbt_ready scheduled__2026-03-25T02:00:00+00:00 [queued]>
[2026-03-26T03:09:07.648+0000] {taskinstance.py:2303} INFO - Starting attempt 1 of 2
[2026-03-26T03:09:07.662+0000] {taskinstance.py:2327} INFO - Executing <Task(BashOperator): check_dbt_ready> on 2026-03-25 02:00:00+00:00
[2026-03-26T03:09:07.677+0000] {standard_task_runner.py:90} INFO - Running: ['***', 'tasks', 'run', 'dbt_banking_dwh_job', 'check_dbt_ready', 'scheduled__2026-03-25T02:00:00+00:00', '--job-id', '62', '--raw', '--subdir', 'DAGS_FOLDER/dbt_banking_job.py', '--cfg-path', '/tmp/tmpckd_0nqh']
[2026-03-26T03:09:07.681+0000] {standard_task_runner.py:91} INFO - Job 62: Subtask check_dbt_ready
[2026-03-26T03:09:07.681+0000] {logging_mixin.py:188} WARNING - /home/***/.local/lib/python3.12/site-packages/***/task/task_runner/standard_task_runner.py:61 DeprecationWarning: This process (pid=214) is multi-threaded, use of fork() may lead to deadlocks in the child.
[2026-03-26T03:09:07.682+0000] {standard_task_runner.py:63} INFO - Started process 216 to run task
[2026-03-26T03:09:07.754+0000] {task_command.py:426} INFO - Running <TaskInstance: dbt_banking_dwh_job.check_dbt_ready scheduled__2026-03-25T02:00:00+00:00 [running]> on host 51c6d1f0e973
[2026-03-26T03:09:07.864+0000] {taskinstance.py:2644} INFO - Exporting env vars: AIRFLOW_CTX_DAG_OWNER='minh_anh' AIRFLOW_CTX_DAG_ID='dbt_banking_dwh_job' AIRFLOW_CTX_TASK_ID='check_dbt_ready' AIRFLOW_CTX_EXECUTION_DATE='2026-03-25T02:00:00+00:00' AIRFLOW_CTX_TRY_NUMBER='1' AIRFLOW_CTX_DAG_RUN_ID='scheduled__2026-03-25T02:00:00+00:00'
[2026-03-26T03:09:07.867+0000] {taskinstance.py:430} INFO - ::endgroup::
[2026-03-26T03:09:07.869+0000] {subprocess.py:63} INFO - Tmp dir root location: /tmp
[2026-03-26T03:09:07.872+0000] {subprocess.py:75} INFO - Running command: ['/usr/bin/bash', '-c', 'dbt --version']
[2026-03-26T03:09:07.890+0000] {subprocess.py:86} INFO - Output:
[2026-03-26T03:09:11.581+0000] {subprocess.py:93} INFO - Core:
[2026-03-26T03:09:11.582+0000] {subprocess.py:93} INFO -   - installed: 1.11.7
[2026-03-26T03:09:11.582+0000] {subprocess.py:93} INFO -   - latest:    1.11.7 - Up to date!
[2026-03-26T03:09:11.583+0000] {subprocess.py:93} INFO - 
[2026-03-26T03:09:11.583+0000] {subprocess.py:93} INFO - Plugins:
[2026-03-26T03:09:11.584+0000] {subprocess.py:93} INFO -   - postgres: 1.10.0 - Up to date!
[2026-03-26T03:09:11.584+0000] {subprocess.py:93} INFO - 
[2026-03-26T03:09:11.584+0000] {subprocess.py:93} INFO - 
[2026-03-26T03:09:12.080+0000] {subprocess.py:97} INFO - Command exited with return code 0
[2026-03-26T03:09:12.082+0000] {taskinstance.py:441} INFO - ::group::Post task execution logs
[2026-03-26T03:09:12.131+0000] {taskinstance.py:1205} INFO - Marking task as SUCCESS. dag_id=dbt_banking_dwh_job, task_id=check_dbt_ready, execution_date=20260325T020000, start_date=20260326T030907, end_date=20260326T030912
[2026-03-26T03:09:12.197+0000] {local_task_job_runner.py:240} INFO - Task exited with return code 0
[2026-03-26T03:09:12.225+0000] {taskinstance.py:3482} INFO - 1 downstream tasks scheduled from follow-on schedule check
[2026-03-26T03:09:12.229+0000] {local_task_job_runner.py:222} INFO - ::endgroup::
