[2026-03-24T08:39:48.292+0000] {local_task_job_runner.py:120} INFO - ::group::Pre task execution logs
[2026-03-24T08:39:48.343+0000] {taskinstance.py:2073} INFO - Dependencies all met for dep_context=non-requeueable deps ti=<TaskInstance: dbt_banking_dwh_job.run_dbt_models scheduled__2026-03-23T02:00:00+00:00 [queued]>
[2026-03-24T08:39:48.364+0000] {taskinstance.py:2073} INFO - Dependencies all met for dep_context=requeueable deps ti=<TaskInstance: dbt_banking_dwh_job.run_dbt_models scheduled__2026-03-23T02:00:00+00:00 [queued]>
[2026-03-24T08:39:48.365+0000] {taskinstance.py:2303} INFO - Starting attempt 1 of 2
[2026-03-24T08:39:48.390+0000] {taskinstance.py:2327} INFO - Executing <Task(BashOperator): run_dbt_models> on 2026-03-23 02:00:00+00:00
[2026-03-24T08:39:48.410+0000] {standard_task_runner.py:90} INFO - Running: ['***', 'tasks', 'run', 'dbt_banking_dwh_job', 'run_dbt_models', 'scheduled__2026-03-23T02:00:00+00:00', '--job-id', '49', '--raw', '--subdir', 'DAGS_FOLDER/dbt_banking_job.py', '--cfg-path', '/tmp/tmpzfawzeym']
[2026-03-24T08:39:48.415+0000] {standard_task_runner.py:91} INFO - Job 49: Subtask run_dbt_models
[2026-03-24T08:39:48.416+0000] {logging_mixin.py:188} WARNING - /home/***/.local/lib/python3.12/site-packages/***/task/task_runner/standard_task_runner.py:61 DeprecationWarning: This process (pid=366) is multi-threaded, use of fork() may lead to deadlocks in the child.
[2026-03-24T08:39:48.418+0000] {standard_task_runner.py:63} INFO - Started process 435 to run task
[2026-03-24T08:39:48.527+0000] {task_command.py:426} INFO - Running <TaskInstance: dbt_banking_dwh_job.run_dbt_models scheduled__2026-03-23T02:00:00+00:00 [running]> on host 51c6d1f0e973
[2026-03-24T08:39:48.675+0000] {taskinstance.py:2644} INFO - Exporting env vars: AIRFLOW_CTX_DAG_OWNER='minh_anh' AIRFLOW_CTX_DAG_ID='dbt_banking_dwh_job' AIRFLOW_CTX_TASK_ID='run_dbt_models' AIRFLOW_CTX_EXECUTION_DATE='2026-03-23T02:00:00+00:00' AIRFLOW_CTX_TRY_NUMBER='1' AIRFLOW_CTX_DAG_RUN_ID='scheduled__2026-03-23T02:00:00+00:00'
[2026-03-24T08:39:48.678+0000] {taskinstance.py:430} INFO - ::endgroup::
[2026-03-24T08:39:48.681+0000] {subprocess.py:63} INFO - Tmp dir root location: /tmp
[2026-03-24T08:39:48.683+0000] {subprocess.py:75} INFO - Running command: ['/usr/bin/bash', '-c', 'cd /opt/***/dags/banking_dwh && pwd && ls -la && cat profiles.yml && dbt run --profiles-dir .']
[2026-03-24T08:39:48.709+0000] {subprocess.py:86} INFO - Output:
[2026-03-24T08:39:48.716+0000] {subprocess.py:93} INFO - /opt/***/dags/banking_dwh
[2026-03-24T08:39:48.757+0000] {subprocess.py:93} INFO - total 4
[2026-03-24T08:39:48.758+0000] {subprocess.py:93} INFO - drwxrwxrwx 1 *** root 4096 Mar 19 08:48 .
[2026-03-24T08:39:48.759+0000] {subprocess.py:93} INFO - drwxrwxrwx 1 *** root 4096 Mar 19 08:47 ..
[2026-03-24T08:39:48.760+0000] {subprocess.py:93} INFO - -rwxrwxrwx 1 *** root   52 Mar 12 03:21 .gitignore
[2026-03-24T08:39:48.760+0000] {subprocess.py:93} INFO - -rw-rw-r-- 1 *** root   41 Mar 19 08:48 .user.yml
[2026-03-24T08:39:48.761+0000] {subprocess.py:93} INFO - -rwxrwxrwx 1 *** root  571 Mar  2 09:00 README.md
[2026-03-24T08:39:48.762+0000] {subprocess.py:93} INFO - drwxrwxrwx 1 *** root 4096 Mar 19 07:33 analyses
[2026-03-24T08:39:48.762+0000] {subprocess.py:93} INFO - drwxrwxrwx 1 *** root 4096 Mar 19 03:32 dbt_packages
[2026-03-24T08:39:48.763+0000] {subprocess.py:93} INFO - -rwxrwxrwx 1 *** root 1374 Mar 19 03:33 dbt_project.yml
[2026-03-24T08:39:48.764+0000] {subprocess.py:93} INFO - drwxrwxrwx 1 *** root 4096 Mar 19 07:33 logs
[2026-03-24T08:39:48.764+0000] {subprocess.py:93} INFO - drwxrwxrwx 1 *** root 4096 Mar 19 07:33 macros
[2026-03-24T08:39:48.765+0000] {subprocess.py:93} INFO - drwxrwxrwx 1 *** root 4096 Mar 19 07:33 models
[2026-03-24T08:39:48.766+0000] {subprocess.py:93} INFO - -rwxrwxrwx 1 *** root  295 Mar 19 09:49 profiles.yml
[2026-03-24T08:39:48.766+0000] {subprocess.py:93} INFO - drwxrwxrwx 1 *** root 4096 Mar 19 07:33 seeds
[2026-03-24T08:39:48.767+0000] {subprocess.py:93} INFO - drwxrwxrwx 1 *** root 4096 Mar 19 07:33 snapshots
[2026-03-24T08:39:48.768+0000] {subprocess.py:93} INFO - drwxrwxrwx 1 *** root 4096 Mar 19 07:33 target
[2026-03-24T08:39:48.768+0000] {subprocess.py:93} INFO - drwxrwxrwx 1 *** root 4096 Mar 19 07:33 tests
[2026-03-24T08:39:48.769+0000] {subprocess.py:93} INFO - banking_dwh:
[2026-03-24T08:39:48.770+0000] {subprocess.py:93} INFO -   target: dev
[2026-03-24T08:39:48.770+0000] {subprocess.py:93} INFO -   outputs:
[2026-03-24T08:39:48.771+0000] {subprocess.py:93} INFO -     dev:
[2026-03-24T08:39:48.771+0000] {subprocess.py:93} INFO -       type: postgres
[2026-03-24T08:39:48.772+0000] {subprocess.py:93} INFO -       host: host.docker.internal
[2026-03-24T08:39:48.773+0000] {subprocess.py:93} INFO -       port: 5433
[2026-03-24T08:39:48.773+0000] {subprocess.py:93} INFO -       user: postgres
[2026-03-24T08:39:48.774+0000] {subprocess.py:93} INFO -       password: "123456"
[2026-03-24T08:39:48.774+0000] {subprocess.py:93} INFO -       dbname: postgres
[2026-03-24T08:39:48.775+0000] {subprocess.py:93} INFO -       schema: sor # Tôi cấu hình sẵn schema là sor dựa trên file code của bạn
[2026-03-24T08:39:52.970+0000] {subprocess.py:93} INFO -       threads: 4[0m08:39:52  Running with dbt=1.11.7
[2026-03-24T08:39:53.648+0000] {subprocess.py:93} INFO - [0m08:39:53  Registered adapter: postgres=1.10.0
[2026-03-24T08:39:54.605+0000] {subprocess.py:93} INFO - [0m08:39:54  [[33mWARNING[0m]: Configuration paths exist in your dbt_project.yml file which do not apply to any resources.
[2026-03-24T08:39:54.605+0000] {subprocess.py:93} INFO - There are 1 unused configuration paths:
[2026-03-24T08:39:54.606+0000] {subprocess.py:93} INFO - - models.banking_dwh.example
[2026-03-24T08:39:55.137+0000] {subprocess.py:93} INFO - [0m08:39:55  Found 6 models, 73 data tests, 7 sources, 478 macros
[2026-03-24T08:39:55.148+0000] {subprocess.py:93} INFO - [0m08:39:55
[2026-03-24T08:39:55.150+0000] {subprocess.py:93} INFO - [0m08:39:55  Concurrency: 4 threads (target='dev')
[2026-03-24T08:39:55.152+0000] {subprocess.py:93} INFO - [0m08:39:55
[2026-03-24T08:39:55.778+0000] {subprocess.py:93} INFO - [0m08:39:55  1 of 6 START sql table model sor.sor_branch .................................... [RUN]
[2026-03-24T08:39:55.780+0000] {subprocess.py:93} INFO - [0m08:39:55  2 of 6 START sql table model sor.sor_customer .................................. [RUN]
[2026-03-24T08:39:56.406+0000] {subprocess.py:93} INFO - [0m08:39:56  2 of 6 OK created sql table model sor.sor_customer ............................. [[32mSELECT 5[0m in 0.61s]
[2026-03-24T08:39:56.409+0000] {subprocess.py:93} INFO - [0m08:39:56  1 of 6 OK created sql table model sor.sor_branch ............................... [[32mSELECT 3[0m in 0.62s]
[2026-03-24T08:39:56.419+0000] {subprocess.py:93} INFO - [0m08:39:56  3 of 6 START sql table model sor.sor_account ................................... [RUN]
[2026-03-24T08:39:56.649+0000] {subprocess.py:93} INFO - [0m08:39:56  3 of 6 OK created sql table model sor.sor_account .............................. [[32mSELECT 7[0m in 0.22s]
[2026-03-24T08:39:56.665+0000] {subprocess.py:93} INFO - [0m08:39:56  4 of 6 START sql table model sor.sor_daily_balance ............................. [RUN]
[2026-03-24T08:39:56.668+0000] {subprocess.py:93} INFO - [0m08:39:56  5 of 6 START sql table model sor.sor_transaction ............................... [RUN]
[2026-03-24T08:39:57.065+0000] {subprocess.py:93} INFO - [0m08:39:57  4 of 6 OK created sql table model sor.sor_daily_balance ........................ [[32mSELECT 7[0m in 0.39s]
[2026-03-24T08:39:57.068+0000] {subprocess.py:93} INFO - [0m08:39:57  5 of 6 OK created sql table model sor.sor_transaction .......................... [[32mSELECT 10[0m in 0.39s]
[2026-03-24T08:39:57.079+0000] {subprocess.py:93} INFO - [0m08:39:57  6 of 6 START sql table model sor.sor_cust_acct_sum ............................. [RUN]
[2026-03-24T08:39:57.321+0000] {subprocess.py:93} INFO - [0m08:39:57  6 of 6 OK created sql table model sor.sor_cust_acct_sum ........................ [[32mSELECT 5[0m in 0.24s]
[2026-03-24T08:39:57.421+0000] {subprocess.py:93} INFO - [0m08:39:57
[2026-03-24T08:39:57.422+0000] {subprocess.py:93} INFO - [0m08:39:57  Finished running 6 table models in 0 hours 0 minutes and 2.27 seconds (2.27s).
[2026-03-24T08:39:57.568+0000] {subprocess.py:93} INFO - [0m08:39:57
[2026-03-24T08:39:57.571+0000] {subprocess.py:93} INFO - [0m08:39:57  [32mCompleted successfully[0m
[2026-03-24T08:39:57.573+0000] {subprocess.py:93} INFO - [0m08:39:57
[2026-03-24T08:39:57.574+0000] {subprocess.py:93} INFO - [0m08:39:57  Done. PASS=6 WARN=0 ERROR=0 SKIP=0 NO-OP=0 TOTAL=6
[2026-03-24T08:40:01.741+0000] {subprocess.py:97} INFO - Command exited with return code 0
[2026-03-24T08:40:01.752+0000] {taskinstance.py:441} INFO - ::group::Post task execution logs
[2026-03-24T08:40:01.797+0000] {taskinstance.py:1205} INFO - Marking task as SUCCESS. dag_id=dbt_banking_dwh_job, task_id=run_dbt_models, execution_date=20260323T020000, start_date=20260324T083948, end_date=20260324T084001
[2026-03-24T08:40:01.840+0000] {local_task_job_runner.py:240} INFO - Task exited with return code 0
[2026-03-24T08:40:01.866+0000] {taskinstance.py:3482} INFO - 0 downstream tasks scheduled from follow-on schedule check
[2026-03-24T08:40:01.870+0000] {local_task_job_runner.py:222} INFO - ::endgroup::
