[2026-03-23T04:02:46.563+0000] {local_task_job_runner.py:120} INFO - ::group::Pre task execution logs
[2026-03-23T04:02:46.608+0000] {taskinstance.py:2073} INFO - Dependencies all met for dep_context=non-requeueable deps ti=<TaskInstance: dbt_banking_dwh_job.check_dbt_ready scheduled__2026-03-19T02:00:00+00:00 [queued]>
[2026-03-23T04:02:46.619+0000] {taskinstance.py:2073} INFO - Dependencies all met for dep_context=requeueable deps ti=<TaskInstance: dbt_banking_dwh_job.check_dbt_ready scheduled__2026-03-19T02:00:00+00:00 [queued]>
[2026-03-23T04:02:46.620+0000] {taskinstance.py:2303} INFO - Starting attempt 1 of 2
[2026-03-23T04:02:46.643+0000] {taskinstance.py:2327} INFO - Executing <Task(BashOperator): check_dbt_ready> on 2026-03-19 02:00:00+00:00
[2026-03-23T04:02:46.661+0000] {standard_task_runner.py:90} INFO - Running: ['***', 'tasks', 'run', 'dbt_banking_dwh_job', 'check_dbt_ready', 'scheduled__2026-03-19T02:00:00+00:00', '--job-id', '41', '--raw', '--subdir', 'DAGS_FOLDER/dbt_banking_job.py', '--cfg-path', '/tmp/tmpm6vzqsd1']
[2026-03-23T04:02:46.668+0000] {logging_mixin.py:188} WARNING - /home/***/.local/lib/python3.12/site-packages/***/task/task_runner/standard_task_runner.py:61 DeprecationWarning: This process (pid=227) is multi-threaded, use of fork() may lead to deadlocks in the child.
[2026-03-23T04:02:46.669+0000] {standard_task_runner.py:91} INFO - Job 41: Subtask check_dbt_ready
[2026-03-23T04:02:46.669+0000] {standard_task_runner.py:63} INFO - Started process 231 to run task
[2026-03-23T04:02:46.789+0000] {task_command.py:426} INFO - Running <TaskInstance: dbt_banking_dwh_job.check_dbt_ready scheduled__2026-03-19T02:00:00+00:00 [running]> on host 51c6d1f0e973
[2026-03-23T04:02:46.932+0000] {taskinstance.py:2644} INFO - Exporting env vars: AIRFLOW_CTX_DAG_OWNER='minh_anh' AIRFLOW_CTX_DAG_ID='dbt_banking_dwh_job' AIRFLOW_CTX_TASK_ID='check_dbt_ready' AIRFLOW_CTX_EXECUTION_DATE='2026-03-19T02:00:00+00:00' AIRFLOW_CTX_TRY_NUMBER='1' AIRFLOW_CTX_DAG_RUN_ID='scheduled__2026-03-19T02:00:00+00:00'
[2026-03-23T04:02:46.936+0000] {taskinstance.py:430} INFO - ::endgroup::
[2026-03-23T04:02:46.937+0000] {subprocess.py:63} INFO - Tmp dir root location: /tmp
[2026-03-23T04:02:46.940+0000] {subprocess.py:75} INFO - Running command: ['/usr/bin/bash', '-c', 'dbt --version']
[2026-03-23T04:02:46.968+0000] {subprocess.py:86} INFO - Output:
[2026-03-23T04:02:59.715+0000] {subprocess.py:93} INFO - Core:
[2026-03-23T04:02:59.716+0000] {subprocess.py:93} INFO -   - installed: 1.11.7
[2026-03-23T04:02:59.720+0000] {subprocess.py:93} INFO -   - latest:    1.11.7 - Up to date!
[2026-03-23T04:02:59.720+0000] {subprocess.py:93} INFO - 
[2026-03-23T04:02:59.721+0000] {subprocess.py:93} INFO - Plugins:
[2026-03-23T04:02:59.722+0000] {subprocess.py:93} INFO -   - postgres: 1.10.0 - Up to date!
[2026-03-23T04:02:59.722+0000] {subprocess.py:93} INFO - 
[2026-03-23T04:02:59.723+0000] {subprocess.py:93} INFO - 
[2026-03-23T04:03:00.217+0000] {subprocess.py:97} INFO - Command exited with return code 0
[2026-03-23T04:03:00.219+0000] {taskinstance.py:441} INFO - ::group::Post task execution logs
[2026-03-23T04:03:00.271+0000] {taskinstance.py:1205} INFO - Marking task as SUCCESS. dag_id=dbt_banking_dwh_job, task_id=check_dbt_ready, execution_date=20260319T020000, start_date=20260323T040246, end_date=20260323T040300
[2026-03-23T04:03:00.328+0000] {local_task_job_runner.py:240} INFO - Task exited with return code 0
[2026-03-23T04:03:00.358+0000] {taskinstance.py:3482} INFO - 1 downstream tasks scheduled from follow-on schedule check
[2026-03-23T04:03:00.362+0000] {local_task_job_runner.py:222} INFO - ::endgroup::
