[2026-03-30T02:42:12.164+0000] {local_task_job_runner.py:120} INFO - ::group::Pre task execution logs
[2026-03-30T02:42:12.203+0000] {taskinstance.py:2073} INFO - Dependencies all met for dep_context=non-requeueable deps ti=<TaskInstance: dbt_banking_dwh_job.run_dbt_models scheduled__2026-03-26T02:00:00+00:00 [queued]>
[2026-03-30T02:42:12.217+0000] {taskinstance.py:2073} INFO - Dependencies all met for dep_context=requeueable deps ti=<TaskInstance: dbt_banking_dwh_job.run_dbt_models scheduled__2026-03-26T02:00:00+00:00 [queued]>
[2026-03-30T02:42:12.218+0000] {taskinstance.py:2303} INFO - Starting attempt 1 of 2
[2026-03-30T02:42:12.236+0000] {taskinstance.py:2327} INFO - Executing <Task(BashOperator): run_dbt_models> on 2026-03-26 02:00:00+00:00
[2026-03-30T02:42:12.251+0000] {standard_task_runner.py:90} INFO - Running: ['***', 'tasks', 'run', 'dbt_banking_dwh_job', 'run_dbt_models', 'scheduled__2026-03-26T02:00:00+00:00', '--job-id', '69', '--raw', '--subdir', 'DAGS_FOLDER/dbt_banking_job.py', '--cfg-path', '/tmp/tmpxdiydijh']
[2026-03-30T02:42:12.254+0000] {standard_task_runner.py:91} INFO - Job 69: Subtask run_dbt_models
[2026-03-30T02:42:12.255+0000] {logging_mixin.py:188} WARNING - /home/***/.local/lib/python3.12/site-packages/***/task/task_runner/standard_task_runner.py:61 DeprecationWarning: This process (pid=418) is multi-threaded, use of fork() may lead to deadlocks in the child.
[2026-03-30T02:42:12.256+0000] {standard_task_runner.py:63} INFO - Started process 486 to run task
[2026-03-30T02:42:12.327+0000] {task_command.py:426} INFO - Running <TaskInstance: dbt_banking_dwh_job.run_dbt_models scheduled__2026-03-26T02:00:00+00:00 [running]> on host 51c6d1f0e973
[2026-03-30T02:42:12.421+0000] {taskinstance.py:2644} INFO - Exporting env vars: AIRFLOW_CTX_DAG_OWNER='minh_anh' AIRFLOW_CTX_DAG_ID='dbt_banking_dwh_job' AIRFLOW_CTX_TASK_ID='run_dbt_models' AIRFLOW_CTX_EXECUTION_DATE='2026-03-26T02:00:00+00:00' AIRFLOW_CTX_TRY_NUMBER='1' AIRFLOW_CTX_DAG_RUN_ID='scheduled__2026-03-26T02:00:00+00:00'
[2026-03-30T02:42:12.423+0000] {taskinstance.py:430} INFO - ::endgroup::
[2026-03-30T02:42:12.424+0000] {subprocess.py:63} INFO - Tmp dir root location: /tmp
[2026-03-30T02:42:12.426+0000] {subprocess.py:75} INFO - Running command: ['/usr/bin/bash', '-c', 'cd /opt/***/dags/banking_dwh && pwd && ls -la && cat profiles.yml && dbt run --profiles-dir .']
[2026-03-30T02:42:12.443+0000] {subprocess.py:86} INFO - Output:
[2026-03-30T02:42:12.446+0000] {subprocess.py:93} INFO - /opt/***/dags/banking_dwh
[2026-03-30T02:42:12.466+0000] {subprocess.py:93} INFO - total 4
[2026-03-30T02:42:12.467+0000] {subprocess.py:93} INFO - drwxrwxrwx 1 *** root 4096 Mar 26 08:25 .
[2026-03-30T02:42:12.467+0000] {subprocess.py:93} INFO - drwxrwxrwx 1 *** root 4096 Mar 26 08:07 ..
[2026-03-30T02:42:12.467+0000] {subprocess.py:93} INFO - -rwxrwxrwx 1 *** root   52 Mar 12 03:21 .gitignore
[2026-03-30T02:42:12.468+0000] {subprocess.py:93} INFO - -rw-rw-r-- 1 *** root   41 Mar 19 08:48 .user.yml
[2026-03-30T02:42:12.468+0000] {subprocess.py:93} INFO - -rwxrwxrwx 1 *** root  571 Mar  2 09:00 README.md
[2026-03-30T02:42:12.469+0000] {subprocess.py:93} INFO - drwxrwxrwx 1 *** root 4096 Mar 19 07:33 analyses
[2026-03-30T02:42:12.469+0000] {subprocess.py:93} INFO - drwxrwxrwx 1 *** root 4096 Mar 26 07:39 dbt_packages
[2026-03-30T02:42:12.470+0000] {subprocess.py:93} INFO - -rwxrwxrwx 1 *** root 1374 Mar 19 03:33 dbt_project.yml
[2026-03-30T02:42:12.470+0000] {subprocess.py:93} INFO - drwxrwxrwx 1 *** root 4096 Mar 19 07:33 logs
[2026-03-30T02:42:12.471+0000] {subprocess.py:93} INFO - drwxrwxrwx 1 *** root 4096 Mar 19 07:33 macros
[2026-03-30T02:42:12.471+0000] {subprocess.py:93} INFO - drwxrwxrwx 1 *** root 4096 Mar 19 07:33 models
[2026-03-30T02:42:12.471+0000] {subprocess.py:93} INFO - -rwxrwxrwx 1 *** root  223 Mar 26 07:51 profiles.yml
[2026-03-30T02:42:12.472+0000] {subprocess.py:93} INFO - drwxrwxrwx 1 *** root 4096 Mar 19 07:33 seeds
[2026-03-30T02:42:12.472+0000] {subprocess.py:93} INFO - drwxrwxrwx 1 *** root 4096 Mar 19 07:33 snapshots
[2026-03-30T02:42:12.473+0000] {subprocess.py:93} INFO - drwxrwxrwx 1 *** root 4096 Mar 26 07:39 target
[2026-03-30T02:42:12.473+0000] {subprocess.py:93} INFO - drwxrwxrwx 1 *** root 4096 Mar 19 07:33 tests
[2026-03-30T02:42:12.473+0000] {subprocess.py:93} INFO - banking_dwh:
[2026-03-30T02:42:12.474+0000] {subprocess.py:93} INFO -   target: dev
[2026-03-30T02:42:12.474+0000] {subprocess.py:93} INFO -   outputs:
[2026-03-30T02:42:12.475+0000] {subprocess.py:93} INFO -     dev:
[2026-03-30T02:42:12.475+0000] {subprocess.py:93} INFO -       type: postgres
[2026-03-30T02:42:12.475+0000] {subprocess.py:93} INFO -       host: host.minikube.internal
[2026-03-30T02:42:12.475+0000] {subprocess.py:93} INFO -       port: 5433
[2026-03-30T02:42:12.476+0000] {subprocess.py:93} INFO -       user: postgres
[2026-03-30T02:42:12.476+0000] {subprocess.py:93} INFO -       password: "123456"
[2026-03-30T02:42:12.476+0000] {subprocess.py:93} INFO -       dbname: postgres
[2026-03-30T02:42:12.477+0000] {subprocess.py:93} INFO -       schema: sor
[2026-03-30T02:42:14.982+0000] {subprocess.py:93} INFO -       threads: 4[0m02:42:14  Running with dbt=1.11.7
[2026-03-30T02:42:15.314+0000] {subprocess.py:93} INFO - [0m02:42:15  Registered adapter: postgres=1.10.0
[2026-03-30T02:42:15.601+0000] {subprocess.py:93} INFO - [0m02:42:15  Unable to do partial parsing because profile has changed
[2026-03-30T02:42:17.261+0000] {subprocess.py:93} INFO - [0m02:42:17  [[33mWARNING[0m]: Did not find matching node for patch with name 'sor_customer_account_summary' in the 'models' section of file 'models/sor/schema.yml'
[2026-03-30T02:42:17.373+0000] {subprocess.py:93} INFO - [0m02:42:17  [[33mWARNING[0m][MissingArgumentsPropertyInGenericTestDeprecation]: Deprecated
[2026-03-30T02:42:17.374+0000] {subprocess.py:93} INFO - functionality
[2026-03-30T02:42:17.374+0000] {subprocess.py:93} INFO - Found top-level arguments to test `accepted_values` defined on 'sor_branch' in
[2026-03-30T02:42:17.374+0000] {subprocess.py:93} INFO - package 'banking_dwh' (models/sor/schema.yml). Arguments to generic tests should
[2026-03-30T02:42:17.375+0000] {subprocess.py:93} INFO - be nested under the `arguments` property.
[2026-03-30T02:42:17.785+0000] {subprocess.py:93} INFO - [0m02:42:17  [[33mWARNING[0m]: Test 'test.banking_dwh.unique_sor_customer_account_summary_summary_key.b6f179c86b' (models/sor/schema.yml) depends on a node named 'sor_customer_account_summary' in package '' which was not found
[2026-03-30T02:42:17.786+0000] {subprocess.py:93} INFO - [0m02:42:17  [[33mWARNING[0m]: Test 'test.banking_dwh.not_null_sor_customer_account_summary_summary_key.1de0da26f7' (models/sor/schema.yml) depends on a node named 'sor_customer_account_summary' in package '' which was not found
[2026-03-30T02:42:17.788+0000] {subprocess.py:93} INFO - [0m02:42:17  [[33mWARNING[0m]: Test 'test.banking_dwh.unique_sor_customer_account_summary_customer_key.1bdac97509' (models/sor/schema.yml) depends on a node named 'sor_customer_account_summary' in package '' which was not found
[2026-03-30T02:42:17.789+0000] {subprocess.py:93} INFO - [0m02:42:17  [[33mWARNING[0m]: Test 'test.banking_dwh.not_null_sor_customer_account_summary_customer_key.c3827fb23e' (models/sor/schema.yml) depends on a node named 'sor_customer_account_summary' in package '' which was not found
[2026-03-30T02:42:17.790+0000] {subprocess.py:93} INFO - [0m02:42:17  [[33mWARNING[0m]: Test 'test.banking_dwh.relationships_sor_customer_account_summary_customer_key__customer_key__ref_sor_customer_.bc49f115b7' (models/sor/schema.yml) depends on a node named 'sor_customer_account_summary' in package '' which was not found
[2026-03-30T02:42:17.791+0000] {subprocess.py:93} INFO - [0m02:42:17  [[33mWARNING[0m]: Test 'test.banking_dwh.not_null_sor_customer_account_summary_total_accounts.91c42c9a15' (models/sor/schema.yml) depends on a node named 'sor_customer_account_summary' in package '' which was not found
[2026-03-30T02:42:17.792+0000] {subprocess.py:93} INFO - [0m02:42:17  [[33mWARNING[0m]: Test 'test.banking_dwh.value_in_range_sor_customer_account_summary_total_accounts__1000__0.340dd3bea2' (models/sor/schema.yml) depends on a node named 'sor_customer_account_summary' in package '' which was not found
[2026-03-30T02:42:17.794+0000] {subprocess.py:93} INFO - [0m02:42:17  [[33mWARNING[0m]: Test 'test.banking_dwh.value_in_range_sor_customer_account_summary_total_balance_vnd__999999999999999__0.622e537275' (models/sor/schema.yml) depends on a node named 'sor_customer_account_summary' in package '' which was not found
[2026-03-30T02:42:17.946+0000] {subprocess.py:93} INFO - [0m02:42:17  [[33mWARNING[0m]: Configuration paths exist in your dbt_project.yml file which do not apply to any resources.
[2026-03-30T02:42:17.946+0000] {subprocess.py:93} INFO - There are 1 unused configuration paths:
[2026-03-30T02:42:17.947+0000] {subprocess.py:93} INFO - - models.banking_dwh.example
[2026-03-30T02:42:18.165+0000] {subprocess.py:93} INFO - [0m02:42:18  Found 6 models, 73 data tests, 7 sources, 478 macros
[2026-03-30T02:42:18.170+0000] {subprocess.py:93} INFO - [0m02:42:18
[2026-03-30T02:42:18.171+0000] {subprocess.py:93} INFO - [0m02:42:18  Concurrency: 4 threads (target='dev')
[2026-03-30T02:42:18.172+0000] {subprocess.py:93} INFO - [0m02:42:18
[2026-03-30T02:42:18.366+0000] {subprocess.py:93} INFO - [0m02:42:18
[2026-03-30T02:42:18.367+0000] {subprocess.py:93} INFO - [0m02:42:18  Finished running  in 0 hours 0 minutes and 0.19 seconds (0.19s).
[2026-03-30T02:42:18.368+0000] {subprocess.py:93} INFO - [0m02:42:18  Encountered an error:
[2026-03-30T02:42:18.369+0000] {subprocess.py:93} INFO - Database Error
[2026-03-30T02:42:18.369+0000] {subprocess.py:93} INFO -   could not translate host name "host.minikube.internal" to address: Name or service not known
[2026-03-30T02:42:18.370+0000] {subprocess.py:93} INFO - 
[2026-03-30T02:42:18.370+0000] {subprocess.py:93} INFO - [0m02:42:18  [[33mWARNING[0m][DeprecationsSummary]: Deprecated functionality
[2026-03-30T02:42:18.371+0000] {subprocess.py:93} INFO - Summary of encountered deprecations:
[2026-03-30T02:42:18.371+0000] {subprocess.py:93} INFO - - MissingArgumentsPropertyInGenericTestDeprecation: 14 occurrences
[2026-03-30T02:42:18.371+0000] {subprocess.py:93} INFO - To see all deprecation instances instead of just the first occurrence of each,
[2026-03-30T02:42:18.372+0000] {subprocess.py:93} INFO - run command again with the `--show-all-deprecations` flag. You may also need to
[2026-03-30T02:42:18.372+0000] {subprocess.py:93} INFO - run with `--no-partial-parse` as some deprecations are only encountered during
[2026-03-30T02:42:18.372+0000] {subprocess.py:93} INFO - parsing.
[2026-03-30T02:42:20.308+0000] {subprocess.py:97} INFO - Command exited with return code 2
[2026-03-30T02:42:20.309+0000] {taskinstance.py:441} INFO - ::group::Post task execution logs
[2026-03-30T02:42:20.321+0000] {taskinstance.py:2890} ERROR - Task failed with exception
Traceback (most recent call last):
  File "/home/airflow/.local/lib/python3.12/site-packages/airflow/models/taskinstance.py", line 465, in _execute_task
    result = _execute_callable(context=context, **execute_callable_kwargs)
             ^^^^^^^^^^^^^^^^^^^^^^^^^^^^^^^^^^^^^^^^^^^^^^^^^^^^^^^^^^^^^
  File "/home/airflow/.local/lib/python3.12/site-packages/airflow/models/taskinstance.py", line 432, in _execute_callable
    return execute_callable(context=context, **execute_callable_kwargs)
           ^^^^^^^^^^^^^^^^^^^^^^^^^^^^^^^^^^^^^^^^^^^^^^^^^^^^^^^^^^^^
  File "/home/airflow/.local/lib/python3.12/site-packages/airflow/models/baseoperator.py", line 400, in wrapper
    return func(self, *args, **kwargs)
           ^^^^^^^^^^^^^^^^^^^^^^^^^^^
  File "/home/airflow/.local/lib/python3.12/site-packages/airflow/operators/bash.py", line 243, in execute
    raise AirflowException(
airflow.exceptions.AirflowException: Bash command failed. The command returned a non-zero exit code 2.
[2026-03-30T02:42:20.327+0000] {taskinstance.py:1205} INFO - Marking task as UP_FOR_RETRY. dag_id=dbt_banking_dwh_job, task_id=run_dbt_models, execution_date=20260326T020000, start_date=20260330T024212, end_date=20260330T024220
[2026-03-30T02:42:20.342+0000] {standard_task_runner.py:110} ERROR - Failed to execute job 69 for task run_dbt_models (Bash command failed. The command returned a non-zero exit code 2.; 486)
[2026-03-30T02:42:20.377+0000] {local_task_job_runner.py:240} INFO - Task exited with return code 1
[2026-03-30T02:42:20.395+0000] {taskinstance.py:3482} INFO - 0 downstream tasks scheduled from follow-on schedule check
[2026-03-30T02:42:20.398+0000] {local_task_job_runner.py:222} INFO - ::endgroup::
