[2026-03-26T03:09:13.900+0000] {local_task_job_runner.py:120} INFO - ::group::Pre task execution logs
[2026-03-26T03:09:13.937+0000] {taskinstance.py:2073} INFO - Dependencies all met for dep_context=non-requeueable deps ti=<TaskInstance: dbt_banking_dwh_job.run_dbt_models scheduled__2026-03-25T02:00:00+00:00 [queued]>
[2026-03-26T03:09:13.953+0000] {taskinstance.py:2073} INFO - Dependencies all met for dep_context=requeueable deps ti=<TaskInstance: dbt_banking_dwh_job.run_dbt_models scheduled__2026-03-25T02:00:00+00:00 [queued]>
[2026-03-26T03:09:13.955+0000] {taskinstance.py:2303} INFO - Starting attempt 1 of 2
[2026-03-26T03:09:13.970+0000] {taskinstance.py:2327} INFO - Executing <Task(BashOperator): run_dbt_models> on 2026-03-25 02:00:00+00:00
[2026-03-26T03:09:13.984+0000] {standard_task_runner.py:90} INFO - Running: ['***', 'tasks', 'run', 'dbt_banking_dwh_job', 'run_dbt_models', 'scheduled__2026-03-25T02:00:00+00:00', '--job-id', '63', '--raw', '--subdir', 'DAGS_FOLDER/dbt_banking_job.py', '--cfg-path', '/tmp/tmp0lakjbdu']
[2026-03-26T03:09:13.987+0000] {standard_task_runner.py:91} INFO - Job 63: Subtask run_dbt_models
[2026-03-26T03:09:13.989+0000] {logging_mixin.py:188} WARNING - /home/***/.local/lib/python3.12/site-packages/***/task/task_runner/standard_task_runner.py:61 DeprecationWarning: This process (pid=264) is multi-threaded, use of fork() may lead to deadlocks in the child.
[2026-03-26T03:09:13.990+0000] {standard_task_runner.py:63} INFO - Started process 326 to run task
[2026-03-26T03:09:14.071+0000] {task_command.py:426} INFO - Running <TaskInstance: dbt_banking_dwh_job.run_dbt_models scheduled__2026-03-25T02:00:00+00:00 [running]> on host 51c6d1f0e973
[2026-03-26T03:09:14.182+0000] {taskinstance.py:2644} INFO - Exporting env vars: AIRFLOW_CTX_DAG_OWNER='minh_anh' AIRFLOW_CTX_DAG_ID='dbt_banking_dwh_job' AIRFLOW_CTX_TASK_ID='run_dbt_models' AIRFLOW_CTX_EXECUTION_DATE='2026-03-25T02:00:00+00:00' AIRFLOW_CTX_TRY_NUMBER='1' AIRFLOW_CTX_DAG_RUN_ID='scheduled__2026-03-25T02:00:00+00:00'
[2026-03-26T03:09:14.185+0000] {taskinstance.py:430} INFO - ::endgroup::
[2026-03-26T03:09:14.186+0000] {subprocess.py:63} INFO - Tmp dir root location: /tmp
[2026-03-26T03:09:14.189+0000] {subprocess.py:75} INFO - Running command: ['/usr/bin/bash', '-c', 'cd /opt/***/dags/banking_dwh && pwd && ls -la && cat profiles.yml && dbt run --profiles-dir .']
[2026-03-26T03:09:14.210+0000] {subprocess.py:86} INFO - Output:
[2026-03-26T03:09:14.216+0000] {subprocess.py:93} INFO - /opt/***/dags/banking_dwh
[2026-03-26T03:09:14.242+0000] {subprocess.py:93} INFO - total 4
[2026-03-26T03:09:14.243+0000] {subprocess.py:93} INFO - drwxrwxrwx 1 *** root 4096 Mar 19 08:48 .
[2026-03-26T03:09:14.243+0000] {subprocess.py:93} INFO - drwxrwxrwx 1 *** root 4096 Mar 19 08:47 ..
[2026-03-26T03:09:14.244+0000] {subprocess.py:93} INFO - -rwxrwxrwx 1 *** root   52 Mar 12 03:21 .gitignore
[2026-03-26T03:09:14.245+0000] {subprocess.py:93} INFO - -rw-rw-r-- 1 *** root   41 Mar 19 08:48 .user.yml
[2026-03-26T03:09:14.245+0000] {subprocess.py:93} INFO - -rwxrwxrwx 1 *** root  571 Mar  2 09:00 README.md
[2026-03-26T03:09:14.245+0000] {subprocess.py:93} INFO - drwxrwxrwx 1 *** root 4096 Mar 19 07:33 analyses
[2026-03-26T03:09:14.246+0000] {subprocess.py:93} INFO - drwxrwxrwx 1 *** root 4096 Mar 19 03:32 dbt_packages
[2026-03-26T03:09:14.247+0000] {subprocess.py:93} INFO - -rwxrwxrwx 1 *** root 1374 Mar 19 03:33 dbt_project.yml
[2026-03-26T03:09:14.247+0000] {subprocess.py:93} INFO - drwxrwxrwx 1 *** root 4096 Mar 19 07:33 logs
[2026-03-26T03:09:14.248+0000] {subprocess.py:93} INFO - drwxrwxrwx 1 *** root 4096 Mar 19 07:33 macros
[2026-03-26T03:09:14.248+0000] {subprocess.py:93} INFO - drwxrwxrwx 1 *** root 4096 Mar 19 07:33 models
[2026-03-26T03:09:14.249+0000] {subprocess.py:93} INFO - -rwxrwxrwx 1 *** root  295 Mar 19 09:49 profiles.yml
[2026-03-26T03:09:14.249+0000] {subprocess.py:93} INFO - drwxrwxrwx 1 *** root 4096 Mar 19 07:33 seeds
[2026-03-26T03:09:14.250+0000] {subprocess.py:93} INFO - drwxrwxrwx 1 *** root 4096 Mar 19 07:33 snapshots
[2026-03-26T03:09:14.250+0000] {subprocess.py:93} INFO - drwxrwxrwx 1 *** root 4096 Mar 19 07:33 target
[2026-03-26T03:09:14.251+0000] {subprocess.py:93} INFO - drwxrwxrwx 1 *** root 4096 Mar 19 07:33 tests
[2026-03-26T03:09:14.251+0000] {subprocess.py:93} INFO - banking_dwh:
[2026-03-26T03:09:14.251+0000] {subprocess.py:93} INFO -   target: dev
[2026-03-26T03:09:14.252+0000] {subprocess.py:93} INFO -   outputs:
[2026-03-26T03:09:14.252+0000] {subprocess.py:93} INFO -     dev:
[2026-03-26T03:09:14.253+0000] {subprocess.py:93} INFO -       type: postgres
[2026-03-26T03:09:14.253+0000] {subprocess.py:93} INFO -       host: host.docker.internal
[2026-03-26T03:09:14.253+0000] {subprocess.py:93} INFO -       port: 5433
[2026-03-26T03:09:14.254+0000] {subprocess.py:93} INFO -       user: postgres
[2026-03-26T03:09:14.254+0000] {subprocess.py:93} INFO -       password: "123456"
[2026-03-26T03:09:14.254+0000] {subprocess.py:93} INFO -       dbname: postgres
[2026-03-26T03:09:14.255+0000] {subprocess.py:93} INFO -       schema: sor # Tôi cấu hình sẵn schema là sor dựa trên file code của bạn
[2026-03-26T03:09:18.032+0000] {subprocess.py:93} INFO -       threads: 4[0m03:09:18  Running with dbt=1.11.7
[2026-03-26T03:09:18.501+0000] {subprocess.py:93} INFO - [0m03:09:18  Registered adapter: postgres=1.10.0
[2026-03-26T03:09:19.068+0000] {subprocess.py:93} INFO - [0m03:09:19  [[33mWARNING[0m]: Configuration paths exist in your dbt_project.yml file which do not apply to any resources.
[2026-03-26T03:09:19.069+0000] {subprocess.py:93} INFO - There are 1 unused configuration paths:
[2026-03-26T03:09:19.070+0000] {subprocess.py:93} INFO - - models.banking_dwh.example
[2026-03-26T03:09:19.425+0000] {subprocess.py:93} INFO - [0m03:09:19  Found 6 models, 73 data tests, 7 sources, 478 macros
[2026-03-26T03:09:19.433+0000] {subprocess.py:93} INFO - [0m03:09:19
[2026-03-26T03:09:19.435+0000] {subprocess.py:93} INFO - [0m03:09:19  Concurrency: 4 threads (target='dev')
[2026-03-26T03:09:19.436+0000] {subprocess.py:93} INFO - [0m03:09:19
[2026-03-26T03:09:19.873+0000] {subprocess.py:93} INFO - [0m03:09:19  1 of 6 START sql table model sor.sor_branch .................................... [RUN]
[2026-03-26T03:09:19.875+0000] {subprocess.py:93} INFO - [0m03:09:19  2 of 6 START sql table model sor.sor_customer .................................. [RUN]
[2026-03-26T03:09:20.316+0000] {subprocess.py:93} INFO - [0m03:09:20  2 of 6 OK created sql table model sor.sor_customer ............................. [[32mSELECT 5[0m in 0.43s]
[2026-03-26T03:09:20.318+0000] {subprocess.py:93} INFO - [0m03:09:20  1 of 6 OK created sql table model sor.sor_branch ............................... [[32mSELECT 3[0m in 0.44s]
[2026-03-26T03:09:20.325+0000] {subprocess.py:93} INFO - [0m03:09:20  3 of 6 START sql table model sor.sor_account ................................... [RUN]
[2026-03-26T03:09:20.486+0000] {subprocess.py:93} INFO - [0m03:09:20  3 of 6 OK created sql table model sor.sor_account .............................. [[32mSELECT 7[0m in 0.16s]
[2026-03-26T03:09:20.492+0000] {subprocess.py:93} INFO - [0m03:09:20  4 of 6 START sql table model sor.sor_daily_balance ............................. [RUN]
[2026-03-26T03:09:20.493+0000] {subprocess.py:93} INFO - [0m03:09:20  5 of 6 START sql table model sor.sor_transaction ............................... [RUN]
[2026-03-26T03:09:20.835+0000] {subprocess.py:93} INFO - [0m03:09:20  5 of 6 OK created sql table model sor.sor_transaction .......................... [[32mSELECT 10[0m in 0.33s]
[2026-03-26T03:09:20.837+0000] {subprocess.py:93} INFO - [0m03:09:20  4 of 6 OK created sql table model sor.sor_daily_balance ........................ [[32mSELECT 7[0m in 0.34s]
[2026-03-26T03:09:20.845+0000] {subprocess.py:93} INFO - [0m03:09:20  6 of 6 START sql table model sor.sor_cust_acct_sum ............................. [RUN]
[2026-03-26T03:09:21.003+0000] {subprocess.py:93} INFO - [0m03:09:21  6 of 6 OK created sql table model sor.sor_cust_acct_sum ........................ [[32mSELECT 5[0m in 0.15s]
[2026-03-26T03:09:21.071+0000] {subprocess.py:93} INFO - [0m03:09:21
[2026-03-26T03:09:21.072+0000] {subprocess.py:93} INFO - [0m03:09:21  Finished running 6 table models in 0 hours 0 minutes and 1.63 seconds (1.63s).
[2026-03-26T03:09:21.169+0000] {subprocess.py:93} INFO - [0m03:09:21
[2026-03-26T03:09:21.170+0000] {subprocess.py:93} INFO - [0m03:09:21  [32mCompleted successfully[0m
[2026-03-26T03:09:21.171+0000] {subprocess.py:93} INFO - [0m03:09:21
[2026-03-26T03:09:21.173+0000] {subprocess.py:93} INFO - [0m03:09:21  Done. PASS=6 WARN=0 ERROR=0 SKIP=0 NO-OP=0 TOTAL=6
[2026-03-26T03:09:23.114+0000] {subprocess.py:97} INFO - Command exited with return code 0
[2026-03-26T03:09:23.115+0000] {taskinstance.py:441} INFO - ::group::Post task execution logs
[2026-03-26T03:09:23.148+0000] {taskinstance.py:1205} INFO - Marking task as SUCCESS. dag_id=dbt_banking_dwh_job, task_id=run_dbt_models, execution_date=20260325T020000, start_date=20260326T030913, end_date=20260326T030923
[2026-03-26T03:09:23.213+0000] {local_task_job_runner.py:240} INFO - Task exited with return code 0
[2026-03-26T03:09:23.231+0000] {taskinstance.py:3482} INFO - 0 downstream tasks scheduled from follow-on schedule check
[2026-03-26T03:09:23.234+0000] {local_task_job_runner.py:222} INFO - ::endgroup::
