[2026-03-19T09:19:26.489+0000] {local_task_job_runner.py:120} INFO - ::group::Pre task execution logs
[2026-03-19T09:19:26.523+0000] {taskinstance.py:2073} INFO - Dependencies all met for dep_context=non-requeueable deps ti=<TaskInstance: dbt_banking_dwh_job.run_dbt_models manual__2026-03-19T09:14:07.696915+00:00 [queued]>
[2026-03-19T09:19:26.529+0000] {taskinstance.py:2073} INFO - Dependencies all met for dep_context=requeueable deps ti=<TaskInstance: dbt_banking_dwh_job.run_dbt_models manual__2026-03-19T09:14:07.696915+00:00 [queued]>
[2026-03-19T09:19:26.530+0000] {taskinstance.py:2303} INFO - Starting attempt 2 of 2
[2026-03-19T09:19:26.541+0000] {taskinstance.py:2327} INFO - Executing <Task(BashOperator): run_dbt_models> on 2026-03-19 09:14:07.696915+00:00
[2026-03-19T09:19:26.553+0000] {standard_task_runner.py:90} INFO - Running: ['***', 'tasks', 'run', 'dbt_banking_dwh_job', 'run_dbt_models', 'manual__2026-03-19T09:14:07.696915+00:00', '--job-id', '36', '--raw', '--subdir', 'DAGS_FOLDER/dbt_banking_job.py', '--cfg-path', '/tmp/tmpdgwyeppr']
[2026-03-19T09:19:26.555+0000] {logging_mixin.py:188} WARNING - /home/***/.local/lib/python3.12/site-packages/***/task/task_runner/standard_task_runner.py:61 DeprecationWarning: This process (pid=22171) is multi-threaded, use of fork() may lead to deadlocks in the child.
[2026-03-19T09:19:26.556+0000] {standard_task_runner.py:91} INFO - Job 36: Subtask run_dbt_models
[2026-03-19T09:19:26.556+0000] {standard_task_runner.py:63} INFO - Started process 22173 to run task
[2026-03-19T09:19:26.623+0000] {task_command.py:426} INFO - Running <TaskInstance: dbt_banking_dwh_job.run_dbt_models manual__2026-03-19T09:14:07.696915+00:00 [running]> on host 51c6d1f0e973
[2026-03-19T09:19:26.696+0000] {taskinstance.py:2644} INFO - Exporting env vars: AIRFLOW_CTX_DAG_OWNER='minh_anh' AIRFLOW_CTX_DAG_ID='dbt_banking_dwh_job' AIRFLOW_CTX_TASK_ID='run_dbt_models' AIRFLOW_CTX_EXECUTION_DATE='2026-03-19T09:14:07.696915+00:00' AIRFLOW_CTX_TRY_NUMBER='2' AIRFLOW_CTX_DAG_RUN_ID='manual__2026-03-19T09:14:07.696915+00:00'
[2026-03-19T09:19:26.700+0000] {taskinstance.py:430} INFO - ::endgroup::
[2026-03-19T09:19:26.701+0000] {subprocess.py:63} INFO - Tmp dir root location: /tmp
[2026-03-19T09:19:26.702+0000] {subprocess.py:75} INFO - Running command: ['/usr/bin/bash', '-c', 'cd /opt/***/dags/banking_dwh && pwd && ls -la && cat profiles.yml && dbt run --profiles-dir .']
[2026-03-19T09:19:26.719+0000] {subprocess.py:86} INFO - Output:
[2026-03-19T09:19:26.722+0000] {subprocess.py:93} INFO - /opt/***/dags/banking_dwh
[2026-03-19T09:19:26.743+0000] {subprocess.py:93} INFO - total 4
[2026-03-19T09:19:26.743+0000] {subprocess.py:93} INFO - drwxrwxrwx 1 *** root 4096 Mar 19 08:48 .
[2026-03-19T09:19:26.744+0000] {subprocess.py:93} INFO - drwxrwxrwx 1 *** root 4096 Mar 19 08:47 ..
[2026-03-19T09:19:26.744+0000] {subprocess.py:93} INFO - -rwxrwxrwx 1 *** root   52 Mar 12 03:21 .gitignore
[2026-03-19T09:19:26.745+0000] {subprocess.py:93} INFO - -rw-rw-r-- 1 *** root   41 Mar 19 08:48 .user.yml
[2026-03-19T09:19:26.745+0000] {subprocess.py:93} INFO - -rwxrwxrwx 1 *** root  571 Mar  2 09:00 README.md
[2026-03-19T09:19:26.745+0000] {subprocess.py:93} INFO - drwxrwxrwx 1 *** root 4096 Mar 19 07:33 analyses
[2026-03-19T09:19:26.746+0000] {subprocess.py:93} INFO - drwxrwxrwx 1 *** root 4096 Mar 19 03:32 dbt_packages
[2026-03-19T09:19:26.746+0000] {subprocess.py:93} INFO - -rwxrwxrwx 1 *** root 1374 Mar 19 03:33 dbt_project.yml
[2026-03-19T09:19:26.747+0000] {subprocess.py:93} INFO - drwxrwxrwx 1 *** root 4096 Mar 19 07:33 logs
[2026-03-19T09:19:26.747+0000] {subprocess.py:93} INFO - drwxrwxrwx 1 *** root 4096 Mar 19 07:33 macros
[2026-03-19T09:19:26.748+0000] {subprocess.py:93} INFO - drwxrwxrwx 1 *** root 4096 Mar 19 07:33 models
[2026-03-19T09:19:26.748+0000] {subprocess.py:93} INFO - -rwxrwxrwx 1 *** root  293 Mar 19 09:13 profiles.yml
[2026-03-19T09:19:26.748+0000] {subprocess.py:93} INFO - drwxrwxrwx 1 *** root 4096 Mar 19 07:33 seeds
[2026-03-19T09:19:26.749+0000] {subprocess.py:93} INFO - drwxrwxrwx 1 *** root 4096 Mar 19 07:33 snapshots
[2026-03-19T09:19:26.749+0000] {subprocess.py:93} INFO - drwxrwxrwx 1 *** root 4096 Mar 19 07:33 target
[2026-03-19T09:19:26.749+0000] {subprocess.py:93} INFO - drwxrwxrwx 1 *** root 4096 Mar 19 07:33 tests
[2026-03-19T09:19:26.750+0000] {subprocess.py:93} INFO - banking_dwh:
[2026-03-19T09:19:26.750+0000] {subprocess.py:93} INFO -   target: dev
[2026-03-19T09:19:26.751+0000] {subprocess.py:93} INFO -   outputs:
[2026-03-19T09:19:26.751+0000] {subprocess.py:93} INFO -     dev:
[2026-03-19T09:19:26.751+0000] {subprocess.py:93} INFO -       type: postgres
[2026-03-19T09:19:26.751+0000] {subprocess.py:93} INFO -       host: host.docker.internal
[2026-03-19T09:19:26.752+0000] {subprocess.py:93} INFO -       port: 5432
[2026-03-19T09:19:26.752+0000] {subprocess.py:93} INFO -       user: postgres
[2026-03-19T09:19:26.753+0000] {subprocess.py:93} INFO -       password: "2512"
[2026-03-19T09:19:26.753+0000] {subprocess.py:93} INFO -       dbname: postgres
[2026-03-19T09:19:26.753+0000] {subprocess.py:93} INFO -       schema: sor # Tôi cấu hình sẵn schema là sor dựa trên file code của bạn
[2026-03-19T09:19:29.149+0000] {subprocess.py:93} INFO -       threads: 4[0m09:19:29  Running with dbt=1.11.7
[2026-03-19T09:19:29.511+0000] {subprocess.py:93} INFO - [0m09:19:29  Registered adapter: postgres=1.10.0
[2026-03-19T09:19:32.804+0000] {subprocess.py:93} INFO - [0m09:19:32  [[33mWARNING[0m]: Configuration paths exist in your dbt_project.yml file which do not apply to any resources.
[2026-03-19T09:19:32.805+0000] {subprocess.py:93} INFO - There are 1 unused configuration paths:
[2026-03-19T09:19:32.806+0000] {subprocess.py:93} INFO - - models.banking_dwh.example
[2026-03-19T09:19:33.117+0000] {subprocess.py:93} INFO - [0m09:19:33  Found 6 models, 73 data tests, 7 sources, 478 macros
[2026-03-19T09:19:33.125+0000] {subprocess.py:93} INFO - [0m09:19:33
[2026-03-19T09:19:33.127+0000] {subprocess.py:93} INFO - [0m09:19:33  Concurrency: 4 threads (target='dev')
[2026-03-19T09:19:33.129+0000] {subprocess.py:93} INFO - [0m09:19:33
[2026-03-19T09:19:33.343+0000] {subprocess.py:93} INFO - [0m09:19:33
[2026-03-19T09:19:33.345+0000] {subprocess.py:93} INFO - [0m09:19:33  Finished running  in 0 hours 0 minutes and 0.21 seconds (0.21s).
[2026-03-19T09:19:33.347+0000] {subprocess.py:93} INFO - [0m09:19:33  Encountered an error:
[2026-03-19T09:19:33.347+0000] {subprocess.py:93} INFO - Database Error
[2026-03-19T09:19:33.348+0000] {subprocess.py:93} INFO -   connection to server at "host.docker.internal" (192.168.65.254), port 5432 failed: FATAL:  password authentication failed for user "postgres"
[2026-03-19T09:19:33.348+0000] {subprocess.py:93} INFO - 
[2026-03-19T09:19:34.837+0000] {subprocess.py:97} INFO - Command exited with return code 2
[2026-03-19T09:19:34.838+0000] {taskinstance.py:441} INFO - ::group::Post task execution logs
[2026-03-19T09:19:34.851+0000] {taskinstance.py:2890} ERROR - Task failed with exception
Traceback (most recent call last):
  File "/home/airflow/.local/lib/python3.12/site-packages/airflow/models/taskinstance.py", line 465, in _execute_task
    result = _execute_callable(context=context, **execute_callable_kwargs)
             ^^^^^^^^^^^^^^^^^^^^^^^^^^^^^^^^^^^^^^^^^^^^^^^^^^^^^^^^^^^^^
  File "/home/airflow/.local/lib/python3.12/site-packages/airflow/models/taskinstance.py", line 432, in _execute_callable
    return execute_callable(context=context, **execute_callable_kwargs)
           ^^^^^^^^^^^^^^^^^^^^^^^^^^^^^^^^^^^^^^^^^^^^^^^^^^^^^^^^^^^^
  File "/home/airflow/.local/lib/python3.12/site-packages/airflow/models/baseoperator.py", line 400, in wrapper
    return func(self, *args, **kwargs)
           ^^^^^^^^^^^^^^^^^^^^^^^^^^^
  File "/home/airflow/.local/lib/python3.12/site-packages/airflow/operators/bash.py", line 243, in execute
    raise AirflowException(
airflow.exceptions.AirflowException: Bash command failed. The command returned a non-zero exit code 2.
[2026-03-19T09:19:34.858+0000] {taskinstance.py:1205} INFO - Marking task as FAILED. dag_id=dbt_banking_dwh_job, task_id=run_dbt_models, execution_date=20260319T091407, start_date=20260319T091926, end_date=20260319T091934
[2026-03-19T09:19:34.874+0000] {standard_task_runner.py:110} ERROR - Failed to execute job 36 for task run_dbt_models (Bash command failed. The command returned a non-zero exit code 2.; 22173)
[2026-03-19T09:19:34.923+0000] {local_task_job_runner.py:240} INFO - Task exited with return code 1
[2026-03-19T09:19:34.940+0000] {taskinstance.py:3482} INFO - 0 downstream tasks scheduled from follow-on schedule check
[2026-03-19T09:19:34.943+0000] {local_task_job_runner.py:222} INFO - ::endgroup::
