[2026-03-30T02:42:08.320+0000] {processor.py:161} INFO - Started process (PID=270) to work on /home/airflow/.local/lib/python3.12/site-packages/airflow/example_dags/example_datasets.py
[2026-03-30T02:42:08.321+0000] {processor.py:830} INFO - Processing file /home/airflow/.local/lib/python3.12/site-packages/airflow/example_dags/example_datasets.py for tasks to queue
[2026-03-30T02:42:08.324+0000] {logging_mixin.py:188} INFO - [2026-03-30T02:42:08.323+0000] {dagbag.py:540} INFO - Filling up the DagBag from /home/airflow/.local/lib/python3.12/site-packages/airflow/example_dags/example_datasets.py
[2026-03-30T02:42:08.346+0000] {processor.py:840} INFO - DAG(s) 'consume_1_or_2_with_dataset_expressions', 'dataset_consumes_1_never_scheduled', 'consume_1_and_2_with_dataset_expressions', 'dataset_consumes_1', 'dataset_produces_1', 'dataset_consumes_1_and_2', 'dataset_produces_2', 'conditional_dataset_and_time_based_timetable', 'dataset_consumes_unknown_never_scheduled', 'consume_1_or_both_2_and_3_with_dataset_expressions' retrieved from /home/airflow/.local/lib/python3.12/site-packages/airflow/example_dags/example_datasets.py
[2026-03-30T02:42:08.422+0000] {logging_mixin.py:188} INFO - [2026-03-30T02:42:08.422+0000] {dag.py:3096} INFO - Sync 10 DAGs
[2026-03-30T02:42:08.457+0000] {logging_mixin.py:188} INFO - [2026-03-30T02:42:08.457+0000] {dag.py:3954} INFO - Setting next_dagrun for conditional_dataset_and_time_based_timetable to 2026-03-25 01:00:00+00:00, run_after=2026-03-25 01:00:00+00:00
[2026-03-30T02:42:08.463+0000] {logging_mixin.py:188} INFO - [2026-03-30T02:42:08.463+0000] {dag.py:3954} INFO - Setting next_dagrun for consume_1_and_2_with_dataset_expressions to None, run_after=None
[2026-03-30T02:42:08.467+0000] {logging_mixin.py:188} INFO - [2026-03-30T02:42:08.466+0000] {dag.py:3954} INFO - Setting next_dagrun for consume_1_or_2_with_dataset_expressions to None, run_after=None
[2026-03-30T02:42:08.469+0000] {logging_mixin.py:188} INFO - [2026-03-30T02:42:08.468+0000] {dag.py:3954} INFO - Setting next_dagrun for consume_1_or_both_2_and_3_with_dataset_expressions to None, run_after=None
[2026-03-30T02:42:08.471+0000] {logging_mixin.py:188} INFO - [2026-03-30T02:42:08.471+0000] {dag.py:3954} INFO - Setting next_dagrun for dataset_consumes_1 to None, run_after=None
[2026-03-30T02:42:08.473+0000] {logging_mixin.py:188} INFO - [2026-03-30T02:42:08.473+0000] {dag.py:3954} INFO - Setting next_dagrun for dataset_consumes_1_and_2 to None, run_after=None
[2026-03-30T02:42:08.475+0000] {logging_mixin.py:188} INFO - [2026-03-30T02:42:08.475+0000] {dag.py:3954} INFO - Setting next_dagrun for dataset_consumes_1_never_scheduled to None, run_after=None
[2026-03-30T02:42:08.477+0000] {logging_mixin.py:188} INFO - [2026-03-30T02:42:08.477+0000] {dag.py:3954} INFO - Setting next_dagrun for dataset_consumes_unknown_never_scheduled to None, run_after=None
[2026-03-30T02:42:08.481+0000] {logging_mixin.py:188} INFO - [2026-03-30T02:42:08.480+0000] {dag.py:3954} INFO - Setting next_dagrun for dataset_produces_1 to 2026-03-29 00:00:00+00:00, run_after=2026-03-30 00:00:00+00:00
[2026-03-30T02:42:08.483+0000] {logging_mixin.py:188} INFO - [2026-03-30T02:42:08.482+0000] {dag.py:3954} INFO - Setting next_dagrun for dataset_produces_2 to None, run_after=None
[2026-03-30T02:41:48.705+0000] {processor.py:183} INFO - Processing /home/airflow/.local/lib/python3.12/site-packages/airflow/example_dags/example_datasets.py took 0.218 seconds
[2026-03-30T02:42:19.283+0000] {processor.py:161} INFO - Started process (PID=533) to work on /home/airflow/.local/lib/python3.12/site-packages/airflow/example_dags/example_datasets.py
[2026-03-30T02:42:19.285+0000] {processor.py:830} INFO - Processing file /home/airflow/.local/lib/python3.12/site-packages/airflow/example_dags/example_datasets.py for tasks to queue
[2026-03-30T02:42:19.288+0000] {logging_mixin.py:188} INFO - [2026-03-30T02:42:19.287+0000] {dagbag.py:540} INFO - Filling up the DagBag from /home/airflow/.local/lib/python3.12/site-packages/airflow/example_dags/example_datasets.py
[2026-03-30T02:42:19.303+0000] {processor.py:840} INFO - DAG(s) 'dataset_produces_2', 'dataset_consumes_1_never_scheduled', 'consume_1_and_2_with_dataset_expressions', 'dataset_consumes_unknown_never_scheduled', 'conditional_dataset_and_time_based_timetable', 'dataset_consumes_1', 'consume_1_or_2_with_dataset_expressions', 'consume_1_or_both_2_and_3_with_dataset_expressions', 'dataset_consumes_1_and_2', 'dataset_produces_1' retrieved from /home/airflow/.local/lib/python3.12/site-packages/airflow/example_dags/example_datasets.py
[2026-03-30T02:42:19.359+0000] {logging_mixin.py:188} INFO - [2026-03-30T02:42:19.359+0000] {dag.py:3096} INFO - Sync 10 DAGs
[2026-03-30T02:42:19.388+0000] {logging_mixin.py:188} INFO - [2026-03-30T02:42:19.387+0000] {dag.py:3954} INFO - Setting next_dagrun for conditional_dataset_and_time_based_timetable to 2026-03-25 01:00:00+00:00, run_after=2026-03-25 01:00:00+00:00
[2026-03-30T02:42:19.392+0000] {logging_mixin.py:188} INFO - [2026-03-30T02:42:19.392+0000] {dag.py:3954} INFO - Setting next_dagrun for consume_1_and_2_with_dataset_expressions to None, run_after=None
[2026-03-30T02:42:19.395+0000] {logging_mixin.py:188} INFO - [2026-03-30T02:42:19.394+0000] {dag.py:3954} INFO - Setting next_dagrun for consume_1_or_2_with_dataset_expressions to None, run_after=None
[2026-03-30T02:42:19.397+0000] {logging_mixin.py:188} INFO - [2026-03-30T02:42:19.397+0000] {dag.py:3954} INFO - Setting next_dagrun for consume_1_or_both_2_and_3_with_dataset_expressions to None, run_after=None
[2026-03-30T02:42:19.399+0000] {logging_mixin.py:188} INFO - [2026-03-30T02:42:19.399+0000] {dag.py:3954} INFO - Setting next_dagrun for dataset_consumes_1 to None, run_after=None
[2026-03-30T02:42:19.402+0000] {logging_mixin.py:188} INFO - [2026-03-30T02:42:19.401+0000] {dag.py:3954} INFO - Setting next_dagrun for dataset_consumes_1_and_2 to None, run_after=None
[2026-03-30T02:42:19.404+0000] {logging_mixin.py:188} INFO - [2026-03-30T02:42:19.403+0000] {dag.py:3954} INFO - Setting next_dagrun for dataset_consumes_1_never_scheduled to None, run_after=None
[2026-03-30T02:42:19.405+0000] {logging_mixin.py:188} INFO - [2026-03-30T02:42:19.405+0000] {dag.py:3954} INFO - Setting next_dagrun for dataset_consumes_unknown_never_scheduled to None, run_after=None
[2026-03-30T02:42:19.408+0000] {logging_mixin.py:188} INFO - [2026-03-30T02:42:19.408+0000] {dag.py:3954} INFO - Setting next_dagrun for dataset_produces_1 to 2026-03-29 00:00:00+00:00, run_after=2026-03-30 00:00:00+00:00
[2026-03-30T02:42:19.409+0000] {logging_mixin.py:188} INFO - [2026-03-30T02:42:19.409+0000] {dag.py:3954} INFO - Setting next_dagrun for dataset_produces_2 to None, run_after=None
[2026-03-30T02:42:19.444+0000] {processor.py:183} INFO - Processing /home/airflow/.local/lib/python3.12/site-packages/airflow/example_dags/example_datasets.py took 0.167 seconds
