[2026-03-19T09:03:22.004+0000] {local_task_job_runner.py:120} INFO - ::group::Pre task execution logs
[2026-03-19T09:03:22.040+0000] {taskinstance.py:2073} INFO - Dependencies all met for dep_context=non-requeueable deps ti=<TaskInstance: dbt_banking_dwh_job.check_dbt_ready manual__2026-03-19T09:03:20.348277+00:00 [queued]>
[2026-03-19T09:03:22.048+0000] {taskinstance.py:2073} INFO - Dependencies all met for dep_context=requeueable deps ti=<TaskInstance: dbt_banking_dwh_job.check_dbt_ready manual__2026-03-19T09:03:20.348277+00:00 [queued]>
[2026-03-19T09:03:22.049+0000] {taskinstance.py:2303} INFO - Starting attempt 1 of 2
[2026-03-19T09:03:22.062+0000] {taskinstance.py:2327} INFO - Executing <Task(BashOperator): check_dbt_ready> on 2026-03-19 09:03:20.348277+00:00
[2026-03-19T09:03:22.075+0000] {standard_task_runner.py:90} INFO - Running: ['***', 'tasks', 'run', 'dbt_banking_dwh_job', 'check_dbt_ready', 'manual__2026-03-19T09:03:20.348277+00:00', '--job-id', '24', '--raw', '--subdir', 'DAGS_FOLDER/dbt_banking_job.py', '--cfg-path', '/tmp/tmporvucb6p']
[2026-03-19T09:03:22.078+0000] {logging_mixin.py:188} WARNING - /home/***/.local/lib/python3.12/site-packages/***/task/task_runner/standard_task_runner.py:61 DeprecationWarning: This process (pid=14226) is multi-threaded, use of fork() may lead to deadlocks in the child.
[2026-03-19T09:03:22.079+0000] {standard_task_runner.py:91} INFO - Job 24: Subtask check_dbt_ready
[2026-03-19T09:03:22.079+0000] {standard_task_runner.py:63} INFO - Started process 14230 to run task
[2026-03-19T09:03:22.148+0000] {task_command.py:426} INFO - Running <TaskInstance: dbt_banking_dwh_job.check_dbt_ready manual__2026-03-19T09:03:20.348277+00:00 [running]> on host 51c6d1f0e973
[2026-03-19T09:03:22.236+0000] {taskinstance.py:2644} INFO - Exporting env vars: AIRFLOW_CTX_DAG_OWNER='3_chang_linh_ngu_lam' AIRFLOW_CTX_DAG_ID='dbt_banking_dwh_job' AIRFLOW_CTX_TASK_ID='check_dbt_ready' AIRFLOW_CTX_EXECUTION_DATE='2026-03-19T09:03:20.348277+00:00' AIRFLOW_CTX_TRY_NUMBER='1' AIRFLOW_CTX_DAG_RUN_ID='manual__2026-03-19T09:03:20.348277+00:00'
[2026-03-19T09:03:22.239+0000] {taskinstance.py:430} INFO - ::endgroup::
[2026-03-19T09:03:22.240+0000] {subprocess.py:63} INFO - Tmp dir root location: /tmp
[2026-03-19T09:03:22.242+0000] {subprocess.py:75} INFO - Running command: ['/usr/bin/bash', '-c', 'dbt --version']
[2026-03-19T09:03:22.261+0000] {subprocess.py:86} INFO - Output:
[2026-03-19T09:03:25.364+0000] {subprocess.py:93} INFO - Core:
[2026-03-19T09:03:25.365+0000] {subprocess.py:93} INFO -   - installed: 1.11.7
[2026-03-19T09:03:25.365+0000] {subprocess.py:93} INFO -   - latest:    1.11.7 - Up to date!
[2026-03-19T09:03:25.366+0000] {subprocess.py:93} INFO - 
[2026-03-19T09:03:25.371+0000] {subprocess.py:93} INFO - Plugins:
[2026-03-19T09:03:25.372+0000] {subprocess.py:93} INFO -   - postgres: 1.10.0 - Up to date!
[2026-03-19T09:03:25.372+0000] {subprocess.py:93} INFO - 
[2026-03-19T09:03:25.372+0000] {subprocess.py:93} INFO - 
[2026-03-19T09:03:25.750+0000] {subprocess.py:97} INFO - Command exited with return code 0
[2026-03-19T09:03:25.751+0000] {taskinstance.py:441} INFO - ::group::Post task execution logs
[2026-03-19T09:03:25.783+0000] {taskinstance.py:1205} INFO - Marking task as SUCCESS. dag_id=dbt_banking_dwh_job, task_id=check_dbt_ready, execution_date=20260319T090320, start_date=20260319T090322, end_date=20260319T090325
[2026-03-19T09:03:25.823+0000] {local_task_job_runner.py:240} INFO - Task exited with return code 0
[2026-03-19T09:03:25.845+0000] {taskinstance.py:3482} INFO - 1 downstream tasks scheduled from follow-on schedule check
[2026-03-19T09:03:25.848+0000] {local_task_job_runner.py:222} INFO - ::endgroup::
