[2026-03-19T09:14:29.632+0000] {local_task_job_runner.py:120} INFO - ::group::Pre task execution logs
[2026-03-19T09:14:29.665+0000] {taskinstance.py:2073} INFO - Dependencies all met for dep_context=non-requeueable deps ti=<TaskInstance: dbt_banking_dwh_job.run_dbt_models manual__2026-03-19T09:09:17.081058+00:00 [queued]>
[2026-03-19T09:14:29.674+0000] {taskinstance.py:2073} INFO - Dependencies all met for dep_context=requeueable deps ti=<TaskInstance: dbt_banking_dwh_job.run_dbt_models manual__2026-03-19T09:09:17.081058+00:00 [queued]>
[2026-03-19T09:14:29.674+0000] {taskinstance.py:2303} INFO - Starting attempt 2 of 2
[2026-03-19T09:14:29.687+0000] {taskinstance.py:2327} INFO - Executing <Task(BashOperator): run_dbt_models> on 2026-03-19 09:09:17.081058+00:00
[2026-03-19T09:14:29.700+0000] {standard_task_runner.py:90} INFO - Running: ['***', 'tasks', 'run', 'dbt_banking_dwh_job', 'run_dbt_models', 'manual__2026-03-19T09:09:17.081058+00:00', '--job-id', '35', '--raw', '--subdir', 'DAGS_FOLDER/dbt_banking_job.py', '--cfg-path', '/tmp/tmpc6pshz6n']
[2026-03-19T09:14:29.704+0000] {logging_mixin.py:188} WARNING - /home/***/.local/lib/python3.12/site-packages/***/task/task_runner/standard_task_runner.py:61 DeprecationWarning: This process (pid=19758) is multi-threaded, use of fork() may lead to deadlocks in the child.
[2026-03-19T09:14:29.704+0000] {standard_task_runner.py:91} INFO - Job 35: Subtask run_dbt_models
[2026-03-19T09:14:29.705+0000] {standard_task_runner.py:63} INFO - Started process 19760 to run task
[2026-03-19T09:14:29.777+0000] {task_command.py:426} INFO - Running <TaskInstance: dbt_banking_dwh_job.run_dbt_models manual__2026-03-19T09:09:17.081058+00:00 [running]> on host 51c6d1f0e973
[2026-03-19T09:14:29.867+0000] {taskinstance.py:2644} INFO - Exporting env vars: AIRFLOW_CTX_DAG_OWNER='minh_anh' AIRFLOW_CTX_DAG_ID='dbt_banking_dwh_job' AIRFLOW_CTX_TASK_ID='run_dbt_models' AIRFLOW_CTX_EXECUTION_DATE='2026-03-19T09:09:17.081058+00:00' AIRFLOW_CTX_TRY_NUMBER='2' AIRFLOW_CTX_DAG_RUN_ID='manual__2026-03-19T09:09:17.081058+00:00'
[2026-03-19T09:14:29.869+0000] {taskinstance.py:430} INFO - ::endgroup::
[2026-03-19T09:14:29.871+0000] {subprocess.py:63} INFO - Tmp dir root location: /tmp
[2026-03-19T09:14:29.873+0000] {subprocess.py:75} INFO - Running command: ['/usr/bin/bash', '-c', 'cd /opt/***/dags/banking_dwh && pwd && ls -la && cat profiles.yml && dbt run --profiles-dir .']
[2026-03-19T09:14:29.892+0000] {subprocess.py:86} INFO - Output:
[2026-03-19T09:14:29.896+0000] {subprocess.py:93} INFO - /opt/***/dags/banking_dwh
[2026-03-19T09:14:29.920+0000] {subprocess.py:93} INFO - total 4
[2026-03-19T09:14:29.921+0000] {subprocess.py:93} INFO - drwxrwxrwx 1 *** root 4096 Mar 19 08:48 .
[2026-03-19T09:14:29.922+0000] {subprocess.py:93} INFO - drwxrwxrwx 1 *** root 4096 Mar 19 08:47 ..
[2026-03-19T09:14:29.922+0000] {subprocess.py:93} INFO - -rwxrwxrwx 1 *** root   52 Mar 12 03:21 .gitignore
[2026-03-19T09:14:29.923+0000] {subprocess.py:93} INFO - -rw-rw-r-- 1 *** root   41 Mar 19 08:48 .user.yml
[2026-03-19T09:14:29.923+0000] {subprocess.py:93} INFO - -rwxrwxrwx 1 *** root  571 Mar  2 09:00 README.md
[2026-03-19T09:14:29.924+0000] {subprocess.py:93} INFO - drwxrwxrwx 1 *** root 4096 Mar 19 07:33 analyses
[2026-03-19T09:14:29.924+0000] {subprocess.py:93} INFO - drwxrwxrwx 1 *** root 4096 Mar 19 03:32 dbt_packages
[2026-03-19T09:14:29.925+0000] {subprocess.py:93} INFO - -rwxrwxrwx 1 *** root 1374 Mar 19 03:33 dbt_project.yml
[2026-03-19T09:14:29.926+0000] {subprocess.py:93} INFO - drwxrwxrwx 1 *** root 4096 Mar 19 07:33 logs
[2026-03-19T09:14:29.926+0000] {subprocess.py:93} INFO - drwxrwxrwx 1 *** root 4096 Mar 19 07:33 macros
[2026-03-19T09:14:29.927+0000] {subprocess.py:93} INFO - drwxrwxrwx 1 *** root 4096 Mar 19 07:33 models
[2026-03-19T09:14:29.927+0000] {subprocess.py:93} INFO - -rwxrwxrwx 1 *** root  293 Mar 19 09:13 profiles.yml
[2026-03-19T09:14:29.928+0000] {subprocess.py:93} INFO - drwxrwxrwx 1 *** root 4096 Mar 19 07:33 seeds
[2026-03-19T09:14:29.928+0000] {subprocess.py:93} INFO - drwxrwxrwx 1 *** root 4096 Mar 19 07:33 snapshots
[2026-03-19T09:14:29.929+0000] {subprocess.py:93} INFO - drwxrwxrwx 1 *** root 4096 Mar 19 07:33 target
[2026-03-19T09:14:29.929+0000] {subprocess.py:93} INFO - drwxrwxrwx 1 *** root 4096 Mar 19 07:33 tests
[2026-03-19T09:14:29.930+0000] {subprocess.py:93} INFO - banking_dwh:
[2026-03-19T09:14:29.930+0000] {subprocess.py:93} INFO -   target: dev
[2026-03-19T09:14:29.931+0000] {subprocess.py:93} INFO -   outputs:
[2026-03-19T09:14:29.931+0000] {subprocess.py:93} INFO -     dev:
[2026-03-19T09:14:29.932+0000] {subprocess.py:93} INFO -       type: postgres
[2026-03-19T09:14:29.932+0000] {subprocess.py:93} INFO -       host: host.docker.internal
[2026-03-19T09:14:29.933+0000] {subprocess.py:93} INFO -       port: 5432
[2026-03-19T09:14:29.933+0000] {subprocess.py:93} INFO -       user: postgres
[2026-03-19T09:14:29.934+0000] {subprocess.py:93} INFO -       password: "2512"
[2026-03-19T09:14:29.935+0000] {subprocess.py:93} INFO -       dbname: postgres
[2026-03-19T09:14:29.935+0000] {subprocess.py:93} INFO -       schema: sor # Tôi cấu hình sẵn schema là sor dựa trên file code của bạn
[2026-03-19T09:14:32.695+0000] {subprocess.py:93} INFO -       threads: 4[0m09:14:32  Running with dbt=1.11.7
[2026-03-19T09:14:33.071+0000] {subprocess.py:93} INFO - [0m09:14:33  Registered adapter: postgres=1.10.0
[2026-03-19T09:14:33.625+0000] {subprocess.py:93} INFO - [0m09:14:33  [[33mWARNING[0m]: Configuration paths exist in your dbt_project.yml file which do not apply to any resources.
[2026-03-19T09:14:33.626+0000] {subprocess.py:93} INFO - There are 1 unused configuration paths:
[2026-03-19T09:14:33.626+0000] {subprocess.py:93} INFO - - models.banking_dwh.example
[2026-03-19T09:14:33.917+0000] {subprocess.py:93} INFO - [0m09:14:33  Found 6 models, 73 data tests, 7 sources, 478 macros
[2026-03-19T09:14:33.924+0000] {subprocess.py:93} INFO - [0m09:14:33
[2026-03-19T09:14:33.926+0000] {subprocess.py:93} INFO - [0m09:14:33  Concurrency: 4 threads (target='dev')
[2026-03-19T09:14:33.927+0000] {subprocess.py:93} INFO - [0m09:14:33
[2026-03-19T09:14:34.164+0000] {subprocess.py:93} INFO - [0m09:14:34
[2026-03-19T09:14:34.166+0000] {subprocess.py:93} INFO - [0m09:14:34  Finished running  in 0 hours 0 minutes and 0.24 seconds (0.24s).
[2026-03-19T09:14:34.169+0000] {subprocess.py:93} INFO - [0m09:14:34  Encountered an error:
[2026-03-19T09:14:34.169+0000] {subprocess.py:93} INFO - Database Error
[2026-03-19T09:14:34.170+0000] {subprocess.py:93} INFO -   connection to server at "host.docker.internal" (192.168.65.254), port 5432 failed: FATAL:  password authentication failed for user "postgres"
[2026-03-19T09:14:34.171+0000] {subprocess.py:93} INFO - 
[2026-03-19T09:14:38.333+0000] {subprocess.py:97} INFO - Command exited with return code 2
[2026-03-19T09:14:38.334+0000] {taskinstance.py:441} INFO - ::group::Post task execution logs
[2026-03-19T09:14:38.349+0000] {taskinstance.py:2890} ERROR - Task failed with exception
Traceback (most recent call last):
  File "/home/airflow/.local/lib/python3.12/site-packages/airflow/models/taskinstance.py", line 465, in _execute_task
    result = _execute_callable(context=context, **execute_callable_kwargs)
             ^^^^^^^^^^^^^^^^^^^^^^^^^^^^^^^^^^^^^^^^^^^^^^^^^^^^^^^^^^^^^
  File "/home/airflow/.local/lib/python3.12/site-packages/airflow/models/taskinstance.py", line 432, in _execute_callable
    return execute_callable(context=context, **execute_callable_kwargs)
           ^^^^^^^^^^^^^^^^^^^^^^^^^^^^^^^^^^^^^^^^^^^^^^^^^^^^^^^^^^^^
  File "/home/airflow/.local/lib/python3.12/site-packages/airflow/models/baseoperator.py", line 400, in wrapper
    return func(self, *args, **kwargs)
           ^^^^^^^^^^^^^^^^^^^^^^^^^^^
  File "/home/airflow/.local/lib/python3.12/site-packages/airflow/operators/bash.py", line 243, in execute
    raise AirflowException(
airflow.exceptions.AirflowException: Bash command failed. The command returned a non-zero exit code 2.
[2026-03-19T09:14:38.356+0000] {taskinstance.py:1205} INFO - Marking task as FAILED. dag_id=dbt_banking_dwh_job, task_id=run_dbt_models, execution_date=20260319T090917, start_date=20260319T091429, end_date=20260319T091438
[2026-03-19T09:14:38.374+0000] {standard_task_runner.py:110} ERROR - Failed to execute job 35 for task run_dbt_models (Bash command failed. The command returned a non-zero exit code 2.; 19760)
[2026-03-19T09:14:38.410+0000] {local_task_job_runner.py:240} INFO - Task exited with return code 1
[2026-03-19T09:14:38.434+0000] {taskinstance.py:3482} INFO - 0 downstream tasks scheduled from follow-on schedule check
[2026-03-19T09:14:38.438+0000] {local_task_job_runner.py:222} INFO - ::endgroup::
