[2026-03-19T09:50:06.468+0000] {local_task_job_runner.py:120} INFO - ::group::Pre task execution logs
[2026-03-19T09:50:06.501+0000] {taskinstance.py:2073} INFO - Dependencies all met for dep_context=non-requeueable deps ti=<TaskInstance: dbt_banking_dwh_job.run_dbt_models manual__2026-03-19T09:49:54.595187+00:00 [queued]>
[2026-03-19T09:50:06.510+0000] {taskinstance.py:2073} INFO - Dependencies all met for dep_context=requeueable deps ti=<TaskInstance: dbt_banking_dwh_job.run_dbt_models manual__2026-03-19T09:49:54.595187+00:00 [queued]>
[2026-03-19T09:50:06.510+0000] {taskinstance.py:2303} INFO - Starting attempt 1 of 2
[2026-03-19T09:50:06.524+0000] {taskinstance.py:2327} INFO - Executing <Task(BashOperator): run_dbt_models> on 2026-03-19 09:49:54.595187+00:00
[2026-03-19T09:50:06.537+0000] {standard_task_runner.py:90} INFO - Running: ['***', 'tasks', 'run', 'dbt_banking_dwh_job', 'run_dbt_models', 'manual__2026-03-19T09:49:54.595187+00:00', '--job-id', '38', '--raw', '--subdir', 'DAGS_FOLDER/dbt_banking_job.py', '--cfg-path', '/tmp/tmpox4o74fc']
[2026-03-19T09:50:06.539+0000] {logging_mixin.py:188} WARNING - /home/***/.local/lib/python3.12/site-packages/***/task/task_runner/standard_task_runner.py:61 DeprecationWarning: This process (pid=37506) is multi-threaded, use of fork() may lead to deadlocks in the child.
[2026-03-19T09:50:06.540+0000] {standard_task_runner.py:91} INFO - Job 38: Subtask run_dbt_models
[2026-03-19T09:50:06.540+0000] {standard_task_runner.py:63} INFO - Started process 37510 to run task
[2026-03-19T09:50:06.612+0000] {task_command.py:426} INFO - Running <TaskInstance: dbt_banking_dwh_job.run_dbt_models manual__2026-03-19T09:49:54.595187+00:00 [running]> on host 51c6d1f0e973
[2026-03-19T09:50:06.691+0000] {taskinstance.py:2644} INFO - Exporting env vars: AIRFLOW_CTX_DAG_OWNER='minh_anh' AIRFLOW_CTX_DAG_ID='dbt_banking_dwh_job' AIRFLOW_CTX_TASK_ID='run_dbt_models' AIRFLOW_CTX_EXECUTION_DATE='2026-03-19T09:49:54.595187+00:00' AIRFLOW_CTX_TRY_NUMBER='1' AIRFLOW_CTX_DAG_RUN_ID='manual__2026-03-19T09:49:54.595187+00:00'
[2026-03-19T09:50:06.696+0000] {taskinstance.py:430} INFO - ::endgroup::
[2026-03-19T09:50:06.697+0000] {subprocess.py:63} INFO - Tmp dir root location: /tmp
[2026-03-19T09:50:06.698+0000] {subprocess.py:75} INFO - Running command: ['/usr/bin/bash', '-c', 'cd /opt/***/dags/banking_dwh && pwd && ls -la && cat profiles.yml && dbt run --profiles-dir .']
[2026-03-19T09:50:06.719+0000] {subprocess.py:86} INFO - Output:
[2026-03-19T09:50:06.723+0000] {subprocess.py:93} INFO - /opt/***/dags/banking_dwh
[2026-03-19T09:50:06.743+0000] {subprocess.py:93} INFO - total 4
[2026-03-19T09:50:06.744+0000] {subprocess.py:93} INFO - drwxrwxrwx 1 *** root 4096 Mar 19 08:48 .
[2026-03-19T09:50:06.744+0000] {subprocess.py:93} INFO - drwxrwxrwx 1 *** root 4096 Mar 19 08:47 ..
[2026-03-19T09:50:06.745+0000] {subprocess.py:93} INFO - -rwxrwxrwx 1 *** root   52 Mar 12 03:21 .gitignore
[2026-03-19T09:50:06.745+0000] {subprocess.py:93} INFO - -rw-rw-r-- 1 *** root   41 Mar 19 08:48 .user.yml
[2026-03-19T09:50:06.745+0000] {subprocess.py:93} INFO - -rwxrwxrwx 1 *** root  571 Mar  2 09:00 README.md
[2026-03-19T09:50:06.746+0000] {subprocess.py:93} INFO - drwxrwxrwx 1 *** root 4096 Mar 19 07:33 analyses
[2026-03-19T09:50:06.746+0000] {subprocess.py:93} INFO - drwxrwxrwx 1 *** root 4096 Mar 19 03:32 dbt_packages
[2026-03-19T09:50:06.746+0000] {subprocess.py:93} INFO - -rwxrwxrwx 1 *** root 1374 Mar 19 03:33 dbt_project.yml
[2026-03-19T09:50:06.747+0000] {subprocess.py:93} INFO - drwxrwxrwx 1 *** root 4096 Mar 19 07:33 logs
[2026-03-19T09:50:06.747+0000] {subprocess.py:93} INFO - drwxrwxrwx 1 *** root 4096 Mar 19 07:33 macros
[2026-03-19T09:50:06.748+0000] {subprocess.py:93} INFO - drwxrwxrwx 1 *** root 4096 Mar 19 07:33 models
[2026-03-19T09:50:06.748+0000] {subprocess.py:93} INFO - -rwxrwxrwx 1 *** root  295 Mar 19 09:49 profiles.yml
[2026-03-19T09:50:06.748+0000] {subprocess.py:93} INFO - drwxrwxrwx 1 *** root 4096 Mar 19 07:33 seeds
[2026-03-19T09:50:06.749+0000] {subprocess.py:93} INFO - drwxrwxrwx 1 *** root 4096 Mar 19 07:33 snapshots
[2026-03-19T09:50:06.749+0000] {subprocess.py:93} INFO - drwxrwxrwx 1 *** root 4096 Mar 19 07:33 target
[2026-03-19T09:50:06.749+0000] {subprocess.py:93} INFO - drwxrwxrwx 1 *** root 4096 Mar 19 07:33 tests
[2026-03-19T09:50:06.750+0000] {subprocess.py:93} INFO - banking_dwh:
[2026-03-19T09:50:06.750+0000] {subprocess.py:93} INFO -   target: dev
[2026-03-19T09:50:06.750+0000] {subprocess.py:93} INFO -   outputs:
[2026-03-19T09:50:06.751+0000] {subprocess.py:93} INFO -     dev:
[2026-03-19T09:50:06.751+0000] {subprocess.py:93} INFO -       type: postgres
[2026-03-19T09:50:06.751+0000] {subprocess.py:93} INFO -       host: host.docker.internal
[2026-03-19T09:50:06.752+0000] {subprocess.py:93} INFO -       port: 5433
[2026-03-19T09:50:06.752+0000] {subprocess.py:93} INFO -       user: postgres
[2026-03-19T09:50:06.752+0000] {subprocess.py:93} INFO -       password: "123456"
[2026-03-19T09:50:06.753+0000] {subprocess.py:93} INFO -       dbname: postgres
[2026-03-19T09:50:06.753+0000] {subprocess.py:93} INFO -       schema: sor # TĂ´i cáşĄu hĂ¬nh sáşµn schema lĂ  sor dá»±a trĂŞn file code cá»§a báşˇn
[2026-03-19T09:50:09.140+0000] {subprocess.py:93} INFO -       threads: 4[0m09:50:09  Running with dbt=1.11.7
[2026-03-19T09:50:09.475+0000] {subprocess.py:93} INFO - [0m09:50:09  Registered adapter: postgres=1.10.0
[2026-03-19T09:50:09.752+0000] {subprocess.py:93} INFO - [0m09:50:09  Unable to do partial parsing because profile has changed
[2026-03-19T09:50:11.640+0000] {subprocess.py:93} INFO - [0m09:50:11  [[33mWARNING[0m]: Did not find matching node for patch with name 'sor_customer_account_summary' in the 'models' section of file 'models/sor/schema.yml'
[2026-03-19T09:50:11.830+0000] {subprocess.py:93} INFO - [0m09:50:11  [[33mWARNING[0m][MissingArgumentsPropertyInGenericTestDeprecation]: Deprecated
[2026-03-19T09:50:11.831+0000] {subprocess.py:93} INFO - functionality
[2026-03-19T09:50:11.832+0000] {subprocess.py:93} INFO - Found top-level arguments to test `accepted_values` defined on 'sor_branch' in
[2026-03-19T09:50:11.832+0000] {subprocess.py:93} INFO - package 'banking_dwh' (models/sor/schema.yml). Arguments to generic tests should
[2026-03-19T09:50:11.833+0000] {subprocess.py:93} INFO - be nested under the `arguments` property.
[2026-03-19T09:50:12.562+0000] {subprocess.py:93} INFO - [0m09:50:12  [[33mWARNING[0m]: Test 'test.banking_dwh.unique_sor_customer_account_summary_summary_key.b6f179c86b' (models/sor/schema.yml) depends on a node named 'sor_customer_account_summary' in package '' which was not found
[2026-03-19T09:50:12.564+0000] {subprocess.py:93} INFO - [0m09:50:12  [[33mWARNING[0m]: Test 'test.banking_dwh.not_null_sor_customer_account_summary_summary_key.1de0da26f7' (models/sor/schema.yml) depends on a node named 'sor_customer_account_summary' in package '' which was not found
[2026-03-19T09:50:12.566+0000] {subprocess.py:93} INFO - [0m09:50:12  [[33mWARNING[0m]: Test 'test.banking_dwh.unique_sor_customer_account_summary_customer_key.1bdac97509' (models/sor/schema.yml) depends on a node named 'sor_customer_account_summary' in package '' which was not found
[2026-03-19T09:50:12.568+0000] {subprocess.py:93} INFO - [0m09:50:12  [[33mWARNING[0m]: Test 'test.banking_dwh.not_null_sor_customer_account_summary_customer_key.c3827fb23e' (models/sor/schema.yml) depends on a node named 'sor_customer_account_summary' in package '' which was not found
[2026-03-19T09:50:12.570+0000] {subprocess.py:93} INFO - [0m09:50:12  [[33mWARNING[0m]: Test 'test.banking_dwh.relationships_sor_customer_account_summary_customer_key__customer_key__ref_sor_customer_.bc49f115b7' (models/sor/schema.yml) depends on a node named 'sor_customer_account_summary' in package '' which was not found
[2026-03-19T09:50:12.571+0000] {subprocess.py:93} INFO - [0m09:50:12  [[33mWARNING[0m]: Test 'test.banking_dwh.not_null_sor_customer_account_summary_total_accounts.91c42c9a15' (models/sor/schema.yml) depends on a node named 'sor_customer_account_summary' in package '' which was not found
[2026-03-19T09:50:12.573+0000] {subprocess.py:93} INFO - [0m09:50:12  [[33mWARNING[0m]: Test 'test.banking_dwh.value_in_range_sor_customer_account_summary_total_accounts__1000__0.340dd3bea2' (models/sor/schema.yml) depends on a node named 'sor_customer_account_summary' in package '' which was not found
[2026-03-19T09:50:12.574+0000] {subprocess.py:93} INFO - [0m09:50:12  [[33mWARNING[0m]: Test 'test.banking_dwh.value_in_range_sor_customer_account_summary_total_balance_vnd__999999999999999__0.622e537275' (models/sor/schema.yml) depends on a node named 'sor_customer_account_summary' in package '' which was not found
[2026-03-19T09:50:12.767+0000] {subprocess.py:93} INFO - [0m09:50:12  [[33mWARNING[0m]: Configuration paths exist in your dbt_project.yml file which do not apply to any resources.
[2026-03-19T09:50:12.768+0000] {subprocess.py:93} INFO - There are 1 unused configuration paths:
[2026-03-19T09:50:12.769+0000] {subprocess.py:93} INFO - - models.banking_dwh.example
[2026-03-19T09:50:13.211+0000] {subprocess.py:93} INFO - [0m09:50:13  Found 6 models, 73 data tests, 7 sources, 478 macros
[2026-03-19T09:50:13.224+0000] {subprocess.py:93} INFO - [0m09:50:13
[2026-03-19T09:50:13.227+0000] {subprocess.py:93} INFO - [0m09:50:13  Concurrency: 4 threads (target='dev')
[2026-03-19T09:50:13.229+0000] {subprocess.py:93} INFO - [0m09:50:13
[2026-03-19T09:50:13.698+0000] {subprocess.py:93} INFO - [0m09:50:13  1 of 6 START sql table model sor.sor_branch .................................... [RUN]
[2026-03-19T09:50:13.700+0000] {subprocess.py:93} INFO - [0m09:50:13  2 of 6 START sql table model sor.sor_customer .................................. [RUN]
[2026-03-19T09:50:14.364+0000] {subprocess.py:93} INFO - [0m09:50:14  1 of 6 OK created sql table model sor.sor_branch ............................... [[32mSELECT 3[0m in 0.66s]
[2026-03-19T09:50:14.366+0000] {subprocess.py:93} INFO - [0m09:50:14  2 of 6 OK created sql table model sor.sor_customer ............................. [[32mSELECT 5[0m in 0.66s]
[2026-03-19T09:50:14.375+0000] {subprocess.py:93} INFO - [0m09:50:14  3 of 6 START sql table model sor.sor_account ................................... [RUN]
[2026-03-19T09:50:14.538+0000] {subprocess.py:93} INFO - [0m09:50:14  3 of 6 OK created sql table model sor.sor_account .............................. [[32mSELECT 7[0m in 0.16s]
[2026-03-19T09:50:14.545+0000] {subprocess.py:93} INFO - [0m09:50:14  4 of 6 START sql table model sor.sor_daily_balance ............................. [RUN]
[2026-03-19T09:50:14.547+0000] {subprocess.py:93} INFO - [0m09:50:14  5 of 6 START sql table model sor.sor_transaction ............................... [RUN]
[2026-03-19T09:50:14.752+0000] {subprocess.py:93} INFO - [0m09:50:14  5 of 6 OK created sql table model sor.sor_transaction .......................... [[32mSELECT 10[0m in 0.20s]
[2026-03-19T09:50:14.754+0000] {subprocess.py:93} INFO - [0m09:50:14  4 of 6 OK created sql table model sor.sor_daily_balance ........................ [[32mSELECT 7[0m in 0.20s]
[2026-03-19T09:50:14.762+0000] {subprocess.py:93} INFO - [0m09:50:14  6 of 6 START sql table model sor.sor_cust_acct_sum ............................. [RUN]
[2026-03-19T09:50:14.920+0000] {subprocess.py:93} INFO - [0m09:50:14  6 of 6 OK created sql table model sor.sor_cust_acct_sum ........................ [[32mSELECT 5[0m in 0.15s]
[2026-03-19T09:50:14.991+0000] {subprocess.py:93} INFO - [0m09:50:14
[2026-03-19T09:50:14.993+0000] {subprocess.py:93} INFO - [0m09:50:14  Finished running 6 table models in 0 hours 0 minutes and 1.76 seconds (1.76s).
[2026-03-19T09:50:15.109+0000] {subprocess.py:93} INFO - [0m09:50:15
[2026-03-19T09:50:15.110+0000] {subprocess.py:93} INFO - [0m09:50:15  [32mCompleted successfully[0m
[2026-03-19T09:50:15.112+0000] {subprocess.py:93} INFO - [0m09:50:15
[2026-03-19T09:50:15.113+0000] {subprocess.py:93} INFO - [0m09:50:15  Done. PASS=6 WARN=0 ERROR=0 SKIP=0 NO-OP=0 TOTAL=6
[2026-03-19T09:50:15.115+0000] {subprocess.py:93} INFO - [0m09:50:15  [[33mWARNING[0m][DeprecationsSummary]: Deprecated functionality
[2026-03-19T09:50:15.116+0000] {subprocess.py:93} INFO - Summary of encountered deprecations:
[2026-03-19T09:50:15.116+0000] {subprocess.py:93} INFO - - MissingArgumentsPropertyInGenericTestDeprecation: 14 occurrences
[2026-03-19T09:50:15.117+0000] {subprocess.py:93} INFO - To see all deprecation instances instead of just the first occurrence of each,
[2026-03-19T09:50:15.117+0000] {subprocess.py:93} INFO - run command again with the `--show-all-deprecations` flag. You may also need to
[2026-03-19T09:50:15.118+0000] {subprocess.py:93} INFO - run with `--no-partial-parse` as some deprecations are only encountered during
[2026-03-19T09:50:15.118+0000] {subprocess.py:93} INFO - parsing.
[2026-03-19T09:50:16.861+0000] {subprocess.py:97} INFO - Command exited with return code 0
[2026-03-19T09:50:16.864+0000] {taskinstance.py:441} INFO - ::group::Post task execution logs
[2026-03-19T09:50:16.907+0000] {taskinstance.py:1205} INFO - Marking task as SUCCESS. dag_id=dbt_banking_dwh_job, task_id=run_dbt_models, execution_date=20260319T094954, start_date=20260319T095006, end_date=20260319T095016
[2026-03-19T09:50:16.988+0000] {local_task_job_runner.py:240} INFO - Task exited with return code 0
[2026-03-19T09:50:17.013+0000] {taskinstance.py:3482} INFO - 0 downstream tasks scheduled from follow-on schedule check
[2026-03-19T09:50:17.017+0000] {local_task_job_runner.py:222} INFO - ::endgroup::
